2022-04-04 05:34:12.250 INFO  (main) [   ] o.e.j.u.log Logging initialized @1106ms to org.eclipse.jetty.util.log.Slf4jLog
2022-04-04 05:34:12.427 INFO  (main) [   ] o.e.j.s.Server jetty-9.4.44.v20210927; built: 2021-09-27T23:02:44.612Z; git: 8da83308eeca865e495e53ef315a249d63ba9332; jvm 15.0.6+5-MTS
2022-04-04 05:34:12.433 INFO  (main) [   ] o.e.j.d.p.ScanningAppProvider Deployment monitor [file:///Users/akshat/Downloads/Info-Retrieval/solr/server/contexts/] at interval 0
2022-04-04 05:34:12.614 INFO  (main) [   ] o.e.j.w.StandardDescriptorProcessor NO JSP Support for /solr, did not find org.apache.jasper.servlet.JspServlet
2022-04-04 05:34:12.620 INFO  (main) [   ] o.e.j.s.session DefaultSessionIdManager workerName=node0
2022-04-04 05:34:12.620 INFO  (main) [   ] o.e.j.s.session No SessionScavenger set, using defaults
2022-04-04 05:34:12.621 INFO  (main) [   ] o.e.j.s.session node0 Scavenging every 660000ms
2022-04-04 05:34:12.658 INFO  (main) [   ] o.a.s.s.SolrDispatchFilter Using logger factory org.apache.logging.slf4j.Log4jLoggerFactory
2022-04-04 05:34:12.661 INFO  (main) [   ] o.a.s.s.SolrDispatchFilter  ___      _       Welcome to Apache Solr™ version 8.11.1
2022-04-04 05:34:12.661 INFO  (main) [   ] o.a.s.s.SolrDispatchFilter / __| ___| |_ _   Starting in standalone mode on port 8983
2022-04-04 05:34:12.661 INFO  (main) [   ] o.a.s.s.SolrDispatchFilter \__ \/ _ \ | '_|  Install dir: /Users/akshat/Downloads/Info-Retrieval/solr
2022-04-04 05:34:12.661 INFO  (main) [   ] o.a.s.s.SolrDispatchFilter |___/\___/_|_|    Start time: 2022-04-04T05:34:12.661929Z
2022-04-04 05:34:12.671 INFO  (main) [   ] o.a.s.c.SolrPaths Using system property solr.solr.home: /Users/akshat/Downloads/Info-Retrieval/solr/server/solr
2022-04-04 05:34:12.672 INFO  (main) [   ] o.a.s.c.SolrXmlConfig Loading container configuration from /Users/akshat/Downloads/Info-Retrieval/solr/server/solr/solr.xml
2022-04-04 05:34:12.721 INFO  (main) [   ] o.a.s.c.SolrXmlConfig MBean server found: com.sun.jmx.mbeanserver.JmxMBeanServer@6bffbc6d, but no JMX reporters were configured - adding default JMX reporter.
2022-04-04 05:34:13.104 INFO  (main) [   ] o.a.s.h.c.HttpShardHandlerFactory Host whitelist initialized: WhitelistHostChecker [whitelistHosts=null, whitelistHostCheckingEnabled=true]
2022-04-04 05:34:13.226 WARN  (main) [   ] o.e.j.u.s.S.config Trusting all certificates configured for Client@5e1d03d7[provider=null,keyStore=null,trustStore=null]
2022-04-04 05:34:13.226 WARN  (main) [   ] o.e.j.u.s.S.config No Client EndPointIdentificationAlgorithm configured for Client@5e1d03d7[provider=null,keyStore=null,trustStore=null]
2022-04-04 05:34:13.329 WARN  (main) [   ] o.e.j.u.s.S.config Trusting all certificates configured for Client@47c40b56[provider=null,keyStore=null,trustStore=null]
2022-04-04 05:34:13.330 WARN  (main) [   ] o.e.j.u.s.S.config No Client EndPointIdentificationAlgorithm configured for Client@47c40b56[provider=null,keyStore=null,trustStore=null]
2022-04-04 05:34:13.358 WARN  (main) [   ] o.a.s.c.CoreContainer Not all security plugins configured!  authentication=disabled authorization=disabled.  Solr is only as secure as you make it. Consider configuring authentication/authorization before exposing Solr to users internal or external.  See https://s.apache.org/solrsecurity for more info
2022-04-04 05:34:13.445 INFO  (main) [   ] o.a.s.c.TransientSolrCoreCacheDefault Allocating transient core cache for max 2147483647 cores with initial capacity of 1024
2022-04-04 05:34:13.453 INFO  (main) [   ] o.a.s.h.a.MetricsHistoryHandler No .system collection, keeping metrics history in memory.
2022-04-04 05:34:13.491 INFO  (main) [   ] o.a.s.m.r.SolrJmxReporter JMX monitoring for 'solr.node' (registry 'solr.node') enabled at server: com.sun.jmx.mbeanserver.JmxMBeanServer@6bffbc6d
2022-04-04 05:34:13.491 INFO  (main) [   ] o.a.s.m.r.SolrJmxReporter JMX monitoring for 'solr.jvm' (registry 'solr.jvm') enabled at server: com.sun.jmx.mbeanserver.JmxMBeanServer@6bffbc6d
2022-04-04 05:34:13.491 INFO  (main) [   ] o.a.s.m.r.SolrJmxReporter JMX monitoring for 'solr.jetty' (registry 'solr.jetty') enabled at server: com.sun.jmx.mbeanserver.JmxMBeanServer@6bffbc6d
2022-04-04 05:34:13.523 INFO  (main) [   ] o.a.s.c.CorePropertiesLocator Found 4 core definitions underneath /Users/akshat/Downloads/Info-Retrieval/solr/server/solr
2022-04-04 05:34:13.523 INFO  (main) [   ] o.a.s.c.CorePropertiesLocator Cores are: [tweets_data_old, tweets_data, tweets_data_updated, tweets_data_new]
2022-04-04 05:34:13.551 INFO  (coreLoadExecutor-13-thread-3) [   x:tweets_data_updated] o.a.s.c.SolrConfig Using Lucene MatchVersion: 8.11.1
2022-04-04 05:34:13.551 INFO  (coreLoadExecutor-13-thread-1) [   x:tweets_data_old] o.a.s.c.SolrConfig Using Lucene MatchVersion: 8.11.1
2022-04-04 05:34:13.551 INFO  (coreLoadExecutor-13-thread-2) [   x:tweets_data] o.a.s.c.SolrConfig Using Lucene MatchVersion: 8.11.1
2022-04-04 05:34:13.580 INFO  (main) [   ] o.e.j.s.h.ContextHandler Started o.e.j.w.WebAppContext@5c371e13{/solr,file:///Users/akshat/Downloads/Info-Retrieval/solr/server/solr-webapp/webapp/,AVAILABLE}{/Users/akshat/Downloads/Info-Retrieval/solr/server/solr-webapp/webapp}
2022-04-04 05:34:13.580 WARN  (coreLoadExecutor-13-thread-2) [   x:tweets_data] o.a.s.c.SolrConfig solrconfig.xml: <jmx> is no longer supported, use solr.xml:/metrics/reporter section instead
2022-04-04 05:34:13.580 WARN  (coreLoadExecutor-13-thread-1) [   x:tweets_data_old] o.a.s.c.SolrConfig solrconfig.xml: <jmx> is no longer supported, use solr.xml:/metrics/reporter section instead
2022-04-04 05:34:13.580 WARN  (coreLoadExecutor-13-thread-3) [   x:tweets_data_updated] o.a.s.c.SolrConfig solrconfig.xml: <jmx> is no longer supported, use solr.xml:/metrics/reporter section instead
2022-04-04 05:34:13.591 INFO  (main) [   ] o.e.j.s.AbstractConnector Started ServerConnector@7e70bd39{HTTP/1.1, (http/1.1, h2c)}{0.0.0.0:8983}
2022-04-04 05:34:13.591 INFO  (main) [   ] o.e.j.s.Server Started @2449ms
2022-04-04 05:34:13.615 INFO  (coreLoadExecutor-13-thread-3) [   x:tweets_data_updated] o.a.s.s.IndexSchema Schema name=default-config
2022-04-04 05:34:13.615 INFO  (coreLoadExecutor-13-thread-1) [   x:tweets_data_old] o.a.s.s.IndexSchema Schema name=default-config
2022-04-04 05:34:13.615 INFO  (coreLoadExecutor-13-thread-2) [   x:tweets_data] o.a.s.s.IndexSchema Schema name=default-config
2022-04-04 05:34:13.799 WARN  (coreLoadExecutor-13-thread-2) [   x:tweets_data] o.a.s.s.AbstractSpatialPrefixTreeFieldType FieldType SpatialRecursivePrefixTreeFieldType does not allow omitNorms to be specified in schema, hardcoded behavior is omitNorms=true
2022-04-04 05:34:13.799 WARN  (coreLoadExecutor-13-thread-1) [   x:tweets_data_old] o.a.s.s.AbstractSpatialPrefixTreeFieldType FieldType SpatialRecursivePrefixTreeFieldType does not allow omitNorms to be specified in schema, hardcoded behavior is omitNorms=true
2022-04-04 05:34:13.799 WARN  (coreLoadExecutor-13-thread-3) [   x:tweets_data_updated] o.a.s.s.AbstractSpatialPrefixTreeFieldType FieldType SpatialRecursivePrefixTreeFieldType does not allow omitNorms to be specified in schema, hardcoded behavior is omitNorms=true
2022-04-04 05:34:13.799 WARN  (coreLoadExecutor-13-thread-1) [   x:tweets_data_old] o.a.s.s.AbstractSpatialPrefixTreeFieldType FieldType SpatialRecursivePrefixTreeFieldType does not allow omitTermFreqAndPositions to be specified in schema, hardcoded behavior is omitTermFreqAndPositions=true
2022-04-04 05:34:13.799 WARN  (coreLoadExecutor-13-thread-2) [   x:tweets_data] o.a.s.s.AbstractSpatialPrefixTreeFieldType FieldType SpatialRecursivePrefixTreeFieldType does not allow omitTermFreqAndPositions to be specified in schema, hardcoded behavior is omitTermFreqAndPositions=true
2022-04-04 05:34:13.799 WARN  (coreLoadExecutor-13-thread-1) [   x:tweets_data_old] o.a.s.s.AbstractSpatialPrefixTreeFieldType FieldType SpatialRecursivePrefixTreeFieldType does not allow termOffsets to be specified in schema, hardcoded behavior is termOffsets=false
2022-04-04 05:34:13.799 WARN  (coreLoadExecutor-13-thread-2) [   x:tweets_data] o.a.s.s.AbstractSpatialPrefixTreeFieldType FieldType SpatialRecursivePrefixTreeFieldType does not allow termOffsets to be specified in schema, hardcoded behavior is termOffsets=false
2022-04-04 05:34:13.799 WARN  (coreLoadExecutor-13-thread-1) [   x:tweets_data_old] o.a.s.s.AbstractSpatialPrefixTreeFieldType FieldType SpatialRecursivePrefixTreeFieldType does not allow termPositions to be specified in schema, hardcoded behavior is termPositions=false
2022-04-04 05:34:13.799 WARN  (coreLoadExecutor-13-thread-2) [   x:tweets_data] o.a.s.s.AbstractSpatialPrefixTreeFieldType FieldType SpatialRecursivePrefixTreeFieldType does not allow termPositions to be specified in schema, hardcoded behavior is termPositions=false
2022-04-04 05:34:13.799 WARN  (coreLoadExecutor-13-thread-3) [   x:tweets_data_updated] o.a.s.s.AbstractSpatialPrefixTreeFieldType FieldType SpatialRecursivePrefixTreeFieldType does not allow omitTermFreqAndPositions to be specified in schema, hardcoded behavior is omitTermFreqAndPositions=true
2022-04-04 05:34:13.800 WARN  (coreLoadExecutor-13-thread-2) [   x:tweets_data] o.a.s.s.AbstractSpatialPrefixTreeFieldType FieldType SpatialRecursivePrefixTreeFieldType does not allow omitPositions to be specified in schema, hardcoded behavior is omitPositions=true
2022-04-04 05:34:13.800 WARN  (coreLoadExecutor-13-thread-1) [   x:tweets_data_old] o.a.s.s.AbstractSpatialPrefixTreeFieldType FieldType SpatialRecursivePrefixTreeFieldType does not allow omitPositions to be specified in schema, hardcoded behavior is omitPositions=true
2022-04-04 05:34:13.800 WARN  (coreLoadExecutor-13-thread-3) [   x:tweets_data_updated] o.a.s.s.AbstractSpatialPrefixTreeFieldType FieldType SpatialRecursivePrefixTreeFieldType does not allow termOffsets to be specified in schema, hardcoded behavior is termOffsets=false
2022-04-04 05:34:13.800 WARN  (coreLoadExecutor-13-thread-3) [   x:tweets_data_updated] o.a.s.s.AbstractSpatialPrefixTreeFieldType FieldType SpatialRecursivePrefixTreeFieldType does not allow termPositions to be specified in schema, hardcoded behavior is termPositions=false
2022-04-04 05:34:13.800 WARN  (coreLoadExecutor-13-thread-3) [   x:tweets_data_updated] o.a.s.s.AbstractSpatialPrefixTreeFieldType FieldType SpatialRecursivePrefixTreeFieldType does not allow omitPositions to be specified in schema, hardcoded behavior is omitPositions=true
2022-04-04 05:34:13.910 INFO  (coreLoadExecutor-13-thread-2) [   x:tweets_data] o.a.s.s.IndexSchema Loaded schema default-config/1.6 with uniqueid field id
2022-04-04 05:34:13.910 INFO  (coreLoadExecutor-13-thread-1) [   x:tweets_data_old] o.a.s.s.IndexSchema Loaded schema default-config/1.6 with uniqueid field id
2022-04-04 05:34:13.910 INFO  (coreLoadExecutor-13-thread-3) [   x:tweets_data_updated] o.a.s.s.IndexSchema Loaded schema default-config/1.6 with uniqueid field id
2022-04-04 05:34:13.936 INFO  (coreLoadExecutor-13-thread-1) [   x:tweets_data_old] o.a.s.c.CoreContainer Creating SolrCore 'tweets_data_old' using configuration from instancedir /Users/akshat/Downloads/Info-Retrieval/solr/server/solr/tweets_data_old, trusted=true
2022-04-04 05:34:13.936 INFO  (coreLoadExecutor-13-thread-2) [   x:tweets_data] o.a.s.c.CoreContainer Creating SolrCore 'tweets_data' using configuration from instancedir /Users/akshat/Downloads/Info-Retrieval/solr/server/solr/tweets_data, trusted=true
2022-04-04 05:34:13.939 INFO  (coreLoadExecutor-13-thread-3) [   x:tweets_data_updated] o.a.s.c.CoreContainer Creating SolrCore 'tweets_data_updated' using configuration from instancedir /Users/akshat/Downloads/Info-Retrieval/solr/server/solr/tweets_data_updated, trusted=true
2022-04-04 05:34:13.952 INFO  (coreLoadExecutor-13-thread-1) [   x:tweets_data_old] o.a.s.m.r.SolrJmxReporter JMX monitoring for 'solr.core.tweets_data_old' (registry 'solr.core.tweets_data_old') enabled at server: com.sun.jmx.mbeanserver.JmxMBeanServer@6bffbc6d
2022-04-04 05:34:13.952 INFO  (coreLoadExecutor-13-thread-2) [   x:tweets_data] o.a.s.m.r.SolrJmxReporter JMX monitoring for 'solr.core.tweets_data' (registry 'solr.core.tweets_data') enabled at server: com.sun.jmx.mbeanserver.JmxMBeanServer@6bffbc6d
2022-04-04 05:34:13.952 INFO  (coreLoadExecutor-13-thread-3) [   x:tweets_data_updated] o.a.s.m.r.SolrJmxReporter JMX monitoring for 'solr.core.tweets_data_updated' (registry 'solr.core.tweets_data_updated') enabled at server: com.sun.jmx.mbeanserver.JmxMBeanServer@6bffbc6d
2022-04-04 05:34:13.962 INFO  (coreLoadExecutor-13-thread-2) [   x:tweets_data] o.a.s.c.SolrCore [[tweets_data] ] Opening new SolrCore at [/Users/akshat/Downloads/Info-Retrieval/solr/server/solr/tweets_data], dataDir=[/Users/akshat/Downloads/Info-Retrieval/solr/server/solr/tweets_data/data/]
2022-04-04 05:34:13.962 INFO  (coreLoadExecutor-13-thread-1) [   x:tweets_data_old] o.a.s.c.SolrCore [[tweets_data_old] ] Opening new SolrCore at [/Users/akshat/Downloads/Info-Retrieval/solr/server/solr/tweets_data_old], dataDir=[/Users/akshat/Downloads/Info-Retrieval/solr/server/solr/tweets_data_old/data/]
2022-04-04 05:34:13.963 INFO  (coreLoadExecutor-13-thread-3) [   x:tweets_data_updated] o.a.s.c.SolrCore [[tweets_data_updated] ] Opening new SolrCore at [/Users/akshat/Downloads/Info-Retrieval/solr/server/solr/tweets_data_updated], dataDir=[/Users/akshat/Downloads/Info-Retrieval/solr/server/solr/tweets_data_updated/data/]
2022-04-04 05:34:14.456 INFO  (coreLoadExecutor-13-thread-1) [   x:tweets_data_old] o.a.s.u.UpdateHandler Using UpdateLog implementation: org.apache.solr.update.UpdateLog
2022-04-04 05:34:14.456 INFO  (coreLoadExecutor-13-thread-2) [   x:tweets_data] o.a.s.u.UpdateHandler Using UpdateLog implementation: org.apache.solr.update.UpdateLog
2022-04-04 05:34:14.456 INFO  (coreLoadExecutor-13-thread-3) [   x:tweets_data_updated] o.a.s.u.UpdateHandler Using UpdateLog implementation: org.apache.solr.update.UpdateLog
2022-04-04 05:34:14.456 INFO  (coreLoadExecutor-13-thread-2) [   x:tweets_data] o.a.s.u.UpdateLog Initializing UpdateLog: dataDir= defaultSyncLevel=FLUSH numRecordsToKeep=100 maxNumLogsToKeep=10 numVersionBuckets=65536
2022-04-04 05:34:14.456 INFO  (coreLoadExecutor-13-thread-3) [   x:tweets_data_updated] o.a.s.u.UpdateLog Initializing UpdateLog: dataDir= defaultSyncLevel=FLUSH numRecordsToKeep=100 maxNumLogsToKeep=10 numVersionBuckets=65536
2022-04-04 05:34:14.456 INFO  (coreLoadExecutor-13-thread-1) [   x:tweets_data_old] o.a.s.u.UpdateLog Initializing UpdateLog: dataDir= defaultSyncLevel=FLUSH numRecordsToKeep=100 maxNumLogsToKeep=10 numVersionBuckets=65536
2022-04-04 05:34:14.481 INFO  (coreLoadExecutor-13-thread-1) [   x:tweets_data_old] o.a.s.u.CommitTracker Hard AutoCommit: if uncommitted for 15000ms; 
2022-04-04 05:34:14.481 INFO  (coreLoadExecutor-13-thread-2) [   x:tweets_data] o.a.s.u.CommitTracker Hard AutoCommit: if uncommitted for 15000ms; 
2022-04-04 05:34:14.481 INFO  (coreLoadExecutor-13-thread-3) [   x:tweets_data_updated] o.a.s.u.CommitTracker Hard AutoCommit: if uncommitted for 15000ms; 
2022-04-04 05:34:14.481 INFO  (coreLoadExecutor-13-thread-3) [   x:tweets_data_updated] o.a.s.u.CommitTracker Soft AutoCommit: disabled
2022-04-04 05:34:14.481 INFO  (coreLoadExecutor-13-thread-1) [   x:tweets_data_old] o.a.s.u.CommitTracker Soft AutoCommit: disabled
2022-04-04 05:34:14.481 INFO  (coreLoadExecutor-13-thread-2) [   x:tweets_data] o.a.s.u.CommitTracker Soft AutoCommit: disabled
2022-04-04 05:34:14.617 INFO  (coreLoadExecutor-13-thread-1) [   x:tweets_data_old] o.a.s.r.ManagedResourceStorage File-based storage initialized to use dir: /Users/akshat/Downloads/Info-Retrieval/solr/server/solr/tweets_data_old/conf
2022-04-04 05:34:14.617 INFO  (coreLoadExecutor-13-thread-2) [   x:tweets_data] o.a.s.r.ManagedResourceStorage File-based storage initialized to use dir: /Users/akshat/Downloads/Info-Retrieval/solr/server/solr/tweets_data/conf
2022-04-04 05:34:14.617 INFO  (coreLoadExecutor-13-thread-3) [   x:tweets_data_updated] o.a.s.r.ManagedResourceStorage File-based storage initialized to use dir: /Users/akshat/Downloads/Info-Retrieval/solr/server/solr/tweets_data_updated/conf
2022-04-04 05:34:14.623 INFO  (coreLoadExecutor-13-thread-3) [   x:tweets_data_updated] o.a.s.h.c.SpellCheckComponent Initializing spell checkers
2022-04-04 05:34:14.623 INFO  (coreLoadExecutor-13-thread-2) [   x:tweets_data] o.a.s.h.c.SpellCheckComponent Initializing spell checkers
2022-04-04 05:34:14.623 INFO  (coreLoadExecutor-13-thread-1) [   x:tweets_data_old] o.a.s.h.c.SpellCheckComponent Initializing spell checkers
2022-04-04 05:34:14.629 INFO  (coreLoadExecutor-13-thread-3) [   x:tweets_data_updated] o.a.s.s.DirectSolrSpellChecker init: {name=default,field=_text_,classname=solr.DirectSolrSpellChecker,distanceMeasure=internal,accuracy=0.5,maxQueryFrequency=0.01,maxEdits=2,minPrefix=1,maxInspections=5,minQueryLength=4}
2022-04-04 05:34:14.629 INFO  (coreLoadExecutor-13-thread-1) [   x:tweets_data_old] o.a.s.s.DirectSolrSpellChecker init: {name=default,field=_text_,classname=solr.DirectSolrSpellChecker,distanceMeasure=internal,accuracy=0.5,maxQueryFrequency=0.01,maxEdits=2,minPrefix=1,maxInspections=5,minQueryLength=4}
2022-04-04 05:34:14.629 INFO  (coreLoadExecutor-13-thread-2) [   x:tweets_data] o.a.s.s.DirectSolrSpellChecker init: {name=default,field=_text_,classname=solr.DirectSolrSpellChecker,distanceMeasure=internal,accuracy=0.5,maxQueryFrequency=0.01,maxEdits=2,minPrefix=1,maxInspections=5,minQueryLength=4}
2022-04-04 05:34:14.640 INFO  (coreLoadExecutor-13-thread-1) [   x:tweets_data_old] o.a.s.h.ReplicationHandler Commits will be reserved for 10000 ms
2022-04-04 05:34:14.640 INFO  (coreLoadExecutor-13-thread-3) [   x:tweets_data_updated] o.a.s.h.ReplicationHandler Commits will be reserved for 10000 ms
2022-04-04 05:34:14.640 INFO  (coreLoadExecutor-13-thread-2) [   x:tweets_data] o.a.s.h.ReplicationHandler Commits will be reserved for 10000 ms
2022-04-04 05:34:14.658 INFO  (searcherExecutor-18-thread-1-processing-x:tweets_data_old) [   x:tweets_data_old] o.a.s.c.QuerySenderListener QuerySenderListener done.
2022-04-04 05:34:14.658 INFO  (searcherExecutor-18-thread-1-processing-x:tweets_data_old) [   x:tweets_data_old] o.a.s.h.c.SpellCheckComponent Loading spell index for spellchecker: default
2022-04-04 05:34:14.663 INFO  (searcherExecutor-19-thread-1-processing-x:tweets_data) [   x:tweets_data] o.a.s.c.QuerySenderListener QuerySenderListener done.
2022-04-04 05:34:14.663 INFO  (searcherExecutor-19-thread-1-processing-x:tweets_data) [   x:tweets_data] o.a.s.h.c.SpellCheckComponent Loading spell index for spellchecker: default
2022-04-04 05:34:14.664 INFO  (searcherExecutor-17-thread-1-processing-x:tweets_data_updated) [   x:tweets_data_updated] o.a.s.c.QuerySenderListener QuerySenderListener done.
2022-04-04 05:34:14.664 INFO  (searcherExecutor-17-thread-1-processing-x:tweets_data_updated) [   x:tweets_data_updated] o.a.s.h.c.SpellCheckComponent Loading spell index for spellchecker: default
2022-04-04 05:34:14.664 INFO  (coreLoadExecutor-13-thread-1) [   x:tweets_data_new] o.a.s.c.SolrConfig Using Lucene MatchVersion: 8.11.1
2022-04-04 05:34:14.664 WARN  (coreLoadExecutor-13-thread-1) [   x:tweets_data_new] o.a.s.c.SolrConfig solrconfig.xml: <jmx> is no longer supported, use solr.xml:/metrics/reporter section instead
2022-04-04 05:34:14.665 INFO  (searcherExecutor-18-thread-1-processing-x:tweets_data_old) [   x:tweets_data_old] o.a.s.c.SolrCore [tweets_data_old]  Registered new searcher autowarm time: 0 ms
2022-04-04 05:34:14.666 INFO  (searcherExecutor-17-thread-1-processing-x:tweets_data_updated) [   x:tweets_data_updated] o.a.s.c.SolrCore [tweets_data_updated]  Registered new searcher autowarm time: 0 ms
2022-04-04 05:34:14.667 INFO  (searcherExecutor-19-thread-1-processing-x:tweets_data) [   x:tweets_data] o.a.s.c.SolrCore [tweets_data]  Registered new searcher autowarm time: 0 ms
2022-04-04 05:34:14.671 INFO  (coreLoadExecutor-13-thread-1) [   x:tweets_data_new] o.a.s.s.IndexSchema Schema name=default-config
2022-04-04 05:34:14.676 WARN  (coreLoadExecutor-13-thread-1) [   x:tweets_data_new] o.a.s.s.AbstractSpatialPrefixTreeFieldType FieldType SpatialRecursivePrefixTreeFieldType does not allow omitNorms to be specified in schema, hardcoded behavior is omitNorms=true
2022-04-04 05:34:14.676 WARN  (coreLoadExecutor-13-thread-1) [   x:tweets_data_new] o.a.s.s.AbstractSpatialPrefixTreeFieldType FieldType SpatialRecursivePrefixTreeFieldType does not allow omitTermFreqAndPositions to be specified in schema, hardcoded behavior is omitTermFreqAndPositions=true
2022-04-04 05:34:14.676 WARN  (coreLoadExecutor-13-thread-1) [   x:tweets_data_new] o.a.s.s.AbstractSpatialPrefixTreeFieldType FieldType SpatialRecursivePrefixTreeFieldType does not allow termOffsets to be specified in schema, hardcoded behavior is termOffsets=false
2022-04-04 05:34:14.676 WARN  (coreLoadExecutor-13-thread-1) [   x:tweets_data_new] o.a.s.s.AbstractSpatialPrefixTreeFieldType FieldType SpatialRecursivePrefixTreeFieldType does not allow termPositions to be specified in schema, hardcoded behavior is termPositions=false
2022-04-04 05:34:14.676 WARN  (coreLoadExecutor-13-thread-1) [   x:tweets_data_new] o.a.s.s.AbstractSpatialPrefixTreeFieldType FieldType SpatialRecursivePrefixTreeFieldType does not allow omitPositions to be specified in schema, hardcoded behavior is omitPositions=true
2022-04-04 05:34:14.694 INFO  (coreLoadExecutor-13-thread-1) [   x:tweets_data_new] o.a.s.s.IndexSchema Loaded schema default-config/1.6 with uniqueid field id
2022-04-04 05:34:14.707 INFO  (coreLoadExecutor-13-thread-1) [   x:tweets_data_new] o.a.s.c.CoreContainer Creating SolrCore 'tweets_data_new' using configuration from instancedir /Users/akshat/Downloads/Info-Retrieval/solr/server/solr/tweets_data_new, trusted=true
2022-04-04 05:34:14.707 INFO  (coreLoadExecutor-13-thread-1) [   x:tweets_data_new] o.a.s.m.r.SolrJmxReporter JMX monitoring for 'solr.core.tweets_data_new' (registry 'solr.core.tweets_data_new') enabled at server: com.sun.jmx.mbeanserver.JmxMBeanServer@6bffbc6d
2022-04-04 05:34:14.707 INFO  (coreLoadExecutor-13-thread-1) [   x:tweets_data_new] o.a.s.c.SolrCore [[tweets_data_new] ] Opening new SolrCore at [/Users/akshat/Downloads/Info-Retrieval/solr/server/solr/tweets_data_new], dataDir=[/Users/akshat/Downloads/Info-Retrieval/solr/server/solr/tweets_data_new/data/]
2022-04-04 05:34:14.747 INFO  (coreLoadExecutor-13-thread-1) [   x:tweets_data_new] o.a.s.u.UpdateHandler Using UpdateLog implementation: org.apache.solr.update.UpdateLog
2022-04-04 05:34:14.747 INFO  (coreLoadExecutor-13-thread-1) [   x:tweets_data_new] o.a.s.u.UpdateLog Initializing UpdateLog: dataDir= defaultSyncLevel=FLUSH numRecordsToKeep=100 maxNumLogsToKeep=10 numVersionBuckets=65536
2022-04-04 05:34:14.749 INFO  (coreLoadExecutor-13-thread-1) [   x:tweets_data_new] o.a.s.u.CommitTracker Hard AutoCommit: if uncommitted for 15000ms; 
2022-04-04 05:34:14.749 INFO  (coreLoadExecutor-13-thread-1) [   x:tweets_data_new] o.a.s.u.CommitTracker Soft AutoCommit: disabled
2022-04-04 05:34:14.756 INFO  (coreLoadExecutor-13-thread-1) [   x:tweets_data_new] o.a.s.r.ManagedResourceStorage File-based storage initialized to use dir: /Users/akshat/Downloads/Info-Retrieval/solr/server/solr/tweets_data_new/conf
2022-04-04 05:34:14.757 INFO  (coreLoadExecutor-13-thread-1) [   x:tweets_data_new] o.a.s.h.c.SpellCheckComponent Initializing spell checkers
2022-04-04 05:34:14.757 INFO  (coreLoadExecutor-13-thread-1) [   x:tweets_data_new] o.a.s.s.DirectSolrSpellChecker init: {name=default,field=_text_,classname=solr.DirectSolrSpellChecker,distanceMeasure=internal,accuracy=0.5,maxQueryFrequency=0.01,maxEdits=2,minPrefix=1,maxInspections=5,minQueryLength=4}
2022-04-04 05:34:14.757 INFO  (coreLoadExecutor-13-thread-1) [   x:tweets_data_new] o.a.s.h.ReplicationHandler Commits will be reserved for 10000 ms
2022-04-04 05:34:14.759 INFO  (searcherExecutor-33-thread-1-processing-x:tweets_data_new) [   x:tweets_data_new] o.a.s.c.QuerySenderListener QuerySenderListener done.
2022-04-04 05:34:14.759 INFO  (searcherExecutor-33-thread-1-processing-x:tweets_data_new) [   x:tweets_data_new] o.a.s.h.c.SpellCheckComponent Loading spell index for spellchecker: default
2022-04-04 05:34:14.761 INFO  (searcherExecutor-33-thread-1-processing-x:tweets_data_new) [   x:tweets_data_new] o.a.s.c.SolrCore [tweets_data_new]  Registered new searcher autowarm time: 0 ms
2022-04-04 05:34:36.214 INFO  (qtp1060703587-25) [   ] o.a.s.s.HttpSolrCall [admin] webapp=null path=/admin/cores params={indexInfo=false&wt=json&_=1649050476151} status=0 QTime=7
2022-04-04 05:34:36.220 INFO  (qtp1060703587-20) [   ] o.a.s.s.HttpSolrCall [admin] webapp=null path=/admin/info/system params={wt=json&_=1649050476152} status=0 QTime=12
2022-04-04 05:34:36.228 INFO  (qtp1060703587-23) [   ] o.a.s.s.HttpSolrCall [admin] webapp=null path=/admin/info/system params={wt=json&_=1649050476152} status=0 QTime=2
2022-04-04 05:34:39.205 INFO  (qtp1060703587-25) [   ] o.a.s.s.HttpSolrCall [admin] webapp=null path=/admin/cores params={indexInfo=false&wt=json&_=1649050476151} status=0 QTime=0
2022-04-04 05:34:39.208 INFO  (qtp1060703587-27) [   ] o.a.s.s.HttpSolrCall [admin] webapp=null path=/admin/info/system params={wt=json&_=1649050476152} status=0 QTime=3
2022-04-04 05:34:39.220 INFO  (qtp1060703587-50) [   x:tweets_data_updated] o.a.s.c.S.Request [tweets_data_updated]  webapp=/solr path=/replication params={wt=json&command=details&_=1649050479201} status=0 QTime=10
2022-04-04 05:34:39.220 INFO  (qtp1060703587-21) [   x:tweets_data_updated] o.a.s.c.S.Request [tweets_data_updated]  webapp=/solr path=/admin/luke params={numTerms=0&show=index&wt=json&_=1649050479200} status=0 QTime=13
2022-04-04 05:34:39.220 INFO  (qtp1060703587-24) [   x:tweets_data_updated] o.a.s.c.S.Request [tweets_data_updated]  webapp=/solr path=/admin/system params={wt=json&_=1649050479201} status=0 QTime=5
2022-04-04 05:34:39.226 INFO  (qtp1060703587-23) [   x:tweets_data_updated] o.a.s.c.S.Request [tweets_data_updated]  webapp=/solr path=/admin/ping params={action=status&wt=json&_=1649050476152&ts=1649050476152} status=503 QTime=8
2022-04-04 05:34:42.757 INFO  (qtp1060703587-20) [   ] o.a.s.s.HttpSolrCall [admin] webapp=null path=/admin/cores params={indexInfo=false&wt=json&_=1649050476151} status=0 QTime=0
2022-04-04 05:34:42.761 INFO  (qtp1060703587-26) [   ] o.a.s.s.HttpSolrCall [admin] webapp=null path=/admin/info/system params={wt=json&_=1649050476152} status=0 QTime=3
2022-04-04 05:34:44.915 INFO  (qtp1060703587-24) [   x:tweets_data_updated] o.a.s.c.S.Request [tweets_data_updated]  webapp=/solr path=/select params={q=*:*&indent=true&q.op=OR&_=1649050482745} hits=3639 status=0 QTime=38
2022-04-04 05:34:44.960 INFO  (qtp1060703587-26) [   ] o.a.s.s.HttpSolrCall [admin] webapp=null path=/admin/cores params={indexInfo=false&wt=json&_=1649050476151} status=0 QTime=0
2022-04-04 05:34:44.962 INFO  (qtp1060703587-27) [   x:tweets_data_updated] o.a.s.c.S.Request [tweets_data_updated]  webapp=/solr path=/select params={q=*:*&indent=true&q.op=OR&_=1649050482745} hits=3639 status=0 QTime=1
2022-04-04 05:34:44.963 INFO  (qtp1060703587-23) [   ] o.a.s.s.HttpSolrCall [admin] webapp=null path=/admin/info/system params={wt=json&_=1649050476152} status=0 QTime=2
2022-04-04 05:34:57.241 INFO  (qtp1060703587-25) [   x:tweets_data_updated] o.a.s.c.S.Request [tweets_data_updated]  webapp=/solr path=/select params={q=username:+"elonmusk"&indent=true&q.op=OR&_=1649050482745} hits=2 status=0 QTime=32
2022-04-04 05:34:57.263 INFO  (qtp1060703587-27) [   ] o.a.s.s.HttpSolrCall [admin] webapp=null path=/admin/cores params={indexInfo=false&wt=json&_=1649050476151} status=0 QTime=0
2022-04-04 05:34:57.263 INFO  (qtp1060703587-24) [   x:tweets_data_updated] o.a.s.c.S.Request [tweets_data_updated]  webapp=/solr path=/select params={q=username:+"elonmusk"&indent=true&q.op=OR&_=1649050482745} hits=2 status=0 QTime=0
2022-04-04 05:34:57.266 INFO  (qtp1060703587-20) [   ] o.a.s.s.HttpSolrCall [admin] webapp=null path=/admin/info/system params={wt=json&_=1649050476152} status=0 QTime=3
2022-04-04 05:37:17.977 INFO  (qtp1060703587-26) [   x:tweets_data_updated] o.a.s.c.S.Request [tweets_data_updated]  webapp=/solr path=/select params={q=content:bitcoin&fq=country:(Argentina+OR+Mexico+OR+India+OR+Canada+OR+United+Kingdom+OR+South+Korea+OR+Papua+New+Guinea+OR+Israel+OR+Location+unavailable+OR+Trinidad+and+Tobago)&rows=100&wt=json} hits=1758 status=0 QTime=69
2022-04-04 05:37:18.026 INFO  (qtp1060703587-25) [   x:tweets_data_updated] o.a.s.c.S.Request [tweets_data_updated]  webapp=/solr path=/select params={q=username:bitcoin&fq=country:(Argentina+OR+Mexico+OR+India+OR+Canada+OR+United+Kingdom+OR+South+Korea+OR+Papua+New+Guinea+OR+Israel+OR+Location+unavailable+OR+Trinidad+and+Tobago)&rows=100&wt=json} hits=0 status=0 QTime=1
2022-04-04 05:37:18.033 INFO  (qtp1060703587-18) [   x:tweets_data_updated] o.a.s.c.PluginBag Going to create a new requestHandler with {type = requestHandler,name = /spell,class = solr.SearchHandler,attributes = {startup=lazy, name=/spell, class=solr.SearchHandler},args = {defaults={spellcheck.dictionary=default,spellcheck=on,spellcheck.extendedResults=true,spellcheck.count=10,spellcheck.alternativeTermCount=5,spellcheck.maxResultsForSuggest=5,spellcheck.collate=true,spellcheck.collateExtendedResults=true,spellcheck.maxCollationTries=10,spellcheck.maxCollations=5,df=_text_},last-components=[spellcheck]}} 
2022-04-04 05:37:18.054 INFO  (qtp1060703587-18) [   x:tweets_data_updated] o.a.s.c.S.Request [tweets_data_updated]  webapp=/solr path=/spell params={spellcheck.q=bitcoin&spellcheck=true} hits=0 status=0 QTime=21
2022-04-04 05:37:21.889 INFO  (qtp1060703587-26) [   x:tweets_data_updated] o.a.s.c.S.Request [tweets_data_updated]  webapp=/solr path=/select params={q=content:bitcoin&fq=country:(Argentina+OR+Mexico+OR+India+OR+Canada+OR+United+Kingdom+OR+South+Korea+OR+Papua+New+Guinea+OR+Israel+OR+Location+unavailable+OR+Trinidad+and+Tobago)&rows=100&wt=json} hits=1758 status=0 QTime=3
2022-04-04 05:37:21.912 INFO  (qtp1060703587-25) [   x:tweets_data_updated] o.a.s.c.S.Request [tweets_data_updated]  webapp=/solr path=/select params={q=username:bitcoin&fq=country:(Argentina+OR+Mexico+OR+India+OR+Canada+OR+United+Kingdom+OR+South+Korea+OR+Papua+New+Guinea+OR+Israel+OR+Location+unavailable+OR+Trinidad+and+Tobago)&rows=100&wt=json} hits=0 status=0 QTime=1
2022-04-04 05:37:21.917 INFO  (qtp1060703587-51) [   x:tweets_data_updated] o.a.s.c.S.Request [tweets_data_updated]  webapp=/solr path=/spell params={spellcheck.q=bitcoin&spellcheck=true} hits=0 status=0 QTime=0
2022-04-04 05:38:13.927 INFO  (qtp1060703587-26) [   x:tweets_data_updated] o.a.s.c.S.Request [tweets_data_updated]  webapp=/solr path=/select params={q=content:elonmusk&fq=country:(Argentina+OR+Mexico+OR+India+OR+Canada+OR+United+Kingdom+OR+South+Korea+OR+Papua+New+Guinea+OR+Israel+OR+Location+unavailable+OR+Trinidad+and+Tobago)&rows=100&wt=json} hits=19 status=0 QTime=13
2022-04-04 05:38:14.058 INFO  (qtp1060703587-25) [   x:tweets_data_updated] o.a.s.c.S.Request [tweets_data_updated]  webapp=/solr path=/select params={q=username:elonmusk&fq=country:(Argentina+OR+Mexico+OR+India+OR+Canada+OR+United+Kingdom+OR+South+Korea+OR+Papua+New+Guinea+OR+Israel+OR+Location+unavailable+OR+Trinidad+and+Tobago)&rows=100&wt=json} hits=2 status=0 QTime=1
2022-04-04 05:38:14.067 INFO  (qtp1060703587-21) [   x:tweets_data_updated] o.a.s.c.S.Request [tweets_data_updated]  webapp=/solr path=/spell params={spellcheck.q=elonmusk&spellcheck=true} hits=0 status=0 QTime=0
2022-04-04 05:39:08.232 INFO  (qtp1060703587-25) [   x:tweets_data_updated] o.a.s.c.S.Request [tweets_data_updated]  webapp=/solr path=/select params={q=content:elonmusk&fq=country:(Argentina+OR+Mexico+OR+India+OR+Canada+OR+United+Kingdom+OR+South+Korea+OR+Papua+New+Guinea+OR+Israel+OR+Location+unavailable+OR+Trinidad+and+Tobago)&rows=100&wt=json} hits=19 status=0 QTime=12
2022-04-04 05:39:08.249 INFO  (qtp1060703587-26) [   x:tweets_data_updated] o.a.s.c.S.Request [tweets_data_updated]  webapp=/solr path=/select params={q=username:elonmusk&fq=country:(Argentina+OR+Mexico+OR+India+OR+Canada+OR+United+Kingdom+OR+South+Korea+OR+Papua+New+Guinea+OR+Israel+OR+Location+unavailable+OR+Trinidad+and+Tobago)&rows=100&wt=json} hits=2 status=0 QTime=2
2022-04-04 05:39:08.263 INFO  (qtp1060703587-23) [   x:tweets_data_updated] o.a.s.c.S.Request [tweets_data_updated]  webapp=/solr path=/spell params={spellcheck.q=elonmusk&spellcheck=true} hits=0 status=0 QTime=3
2022-04-04 05:39:10.248 INFO  (qtp1060703587-25) [   x:tweets_data_updated] o.a.s.c.S.Request [tweets_data_updated]  webapp=/solr path=/select params={q=content:elonmusk&fq=country:(Argentina+OR+Mexico+OR+India+OR+Canada+OR+United+Kingdom+OR+South+Korea+OR+Papua+New+Guinea+OR+Israel+OR+Location+unavailable+OR+Trinidad+and+Tobago)&rows=100&wt=json} hits=19 status=0 QTime=2
2022-04-04 05:39:10.265 INFO  (qtp1060703587-26) [   x:tweets_data_updated] o.a.s.c.S.Request [tweets_data_updated]  webapp=/solr path=/select params={q=username:elonmusk&fq=country:(Argentina+OR+Mexico+OR+India+OR+Canada+OR+United+Kingdom+OR+South+Korea+OR+Papua+New+Guinea+OR+Israel+OR+Location+unavailable+OR+Trinidad+and+Tobago)&rows=100&wt=json} hits=2 status=0 QTime=3
2022-04-04 05:39:10.272 INFO  (qtp1060703587-51) [   x:tweets_data_updated] o.a.s.c.S.Request [tweets_data_updated]  webapp=/solr path=/spell params={spellcheck.q=elonmusk&spellcheck=true} hits=0 status=0 QTime=0
2022-04-04 05:39:16.233 INFO  (qtp1060703587-25) [   x:tweets_data_updated] o.a.s.c.S.Request [tweets_data_updated]  webapp=/solr path=/select params={q=content:elonmusk&fq=country:(Argentina+OR+Mexico+OR+India+OR+Canada+OR+United+Kingdom+OR+South+Korea+OR+Papua+New+Guinea+OR+Israel+OR+Location+unavailable+OR+Trinidad+and+Tobago)&rows=100&wt=json} hits=19 status=0 QTime=2
2022-04-04 05:39:16.245 INFO  (qtp1060703587-26) [   x:tweets_data_updated] o.a.s.c.S.Request [tweets_data_updated]  webapp=/solr path=/select params={q=username:elonmusk&fq=country:(Argentina+OR+Mexico+OR+India+OR+Canada+OR+United+Kingdom+OR+South+Korea+OR+Papua+New+Guinea+OR+Israel+OR+Location+unavailable+OR+Trinidad+and+Tobago)&rows=100&wt=json} hits=2 status=0 QTime=2
2022-04-04 05:39:16.251 INFO  (qtp1060703587-21) [   x:tweets_data_updated] o.a.s.c.S.Request [tweets_data_updated]  webapp=/solr path=/spell params={spellcheck.q=elonmusk&spellcheck=true} hits=0 status=0 QTime=0
2022-04-04 05:40:01.508 INFO  (qtp1060703587-25) [   x:tweets_data_updated] o.a.s.c.S.Request [tweets_data_updated]  webapp=/solr path=/select params={q=content:elonmusk&fq=country:(Argentina+OR+Mexico+OR+India+OR+Canada+OR+United+Kingdom+OR+South+Korea+OR+Papua+New+Guinea+OR+Israel+OR+Location+unavailable+OR+Trinidad+and+Tobago)&rows=100&wt=json} hits=19 status=0 QTime=2
2022-04-04 05:40:01.518 INFO  (qtp1060703587-26) [   x:tweets_data_updated] o.a.s.c.S.Request [tweets_data_updated]  webapp=/solr path=/select params={q=username:elonmusk&fq=country:(Argentina+OR+Mexico+OR+India+OR+Canada+OR+United+Kingdom+OR+South+Korea+OR+Papua+New+Guinea+OR+Israel+OR+Location+unavailable+OR+Trinidad+and+Tobago)&rows=100&wt=json} hits=2 status=0 QTime=1
2022-04-04 05:40:01.524 INFO  (qtp1060703587-25) [   x:tweets_data_updated] o.a.s.c.S.Request [tweets_data_updated]  webapp=/solr path=/spell params={spellcheck.q=elonmusk&spellcheck=true} hits=0 status=0 QTime=0
2022-04-04 05:40:13.370 INFO  (qtp1060703587-25) [   x:tweets_data_updated] o.a.s.c.S.Request [tweets_data_updated]  webapp=/solr path=/select params={q=content:bitcoin&fq=country:(Argentina+OR+Mexico+OR+India+OR+Canada+OR+United+Kingdom+OR+South+Korea+OR+Papua+New+Guinea+OR+Israel+OR+Location+unavailable+OR+Trinidad+and+Tobago)&rows=100&wt=json} hits=1758 status=0 QTime=2
2022-04-04 05:40:13.390 INFO  (qtp1060703587-26) [   x:tweets_data_updated] o.a.s.c.S.Request [tweets_data_updated]  webapp=/solr path=/select params={q=username:bitcoin&fq=country:(Argentina+OR+Mexico+OR+India+OR+Canada+OR+United+Kingdom+OR+South+Korea+OR+Papua+New+Guinea+OR+Israel+OR+Location+unavailable+OR+Trinidad+and+Tobago)&rows=100&wt=json} hits=0 status=0 QTime=1
2022-04-04 05:40:13.397 INFO  (qtp1060703587-23) [   x:tweets_data_updated] o.a.s.c.S.Request [tweets_data_updated]  webapp=/solr path=/spell params={spellcheck.q=bitcoin&spellcheck=true} hits=0 status=0 QTime=0
2022-04-04 05:41:51.636 INFO  (qtp1060703587-51) [   x:tweets_data_updated] o.a.s.c.S.Request [tweets_data_updated]  webapp=/solr path=/select params={q=content:bitcoin&fq=country:(Argentina+OR+Mexico+OR+India+OR+Canada+OR+United+Kingdom+OR+South+Korea+OR+Papua+New+Guinea+OR+Israel+OR+Location+unavailable+OR+Trinidad+and+Tobago)&rows=100&wt=json} hits=1758 status=0 QTime=4
2022-04-04 05:41:51.649 INFO  (qtp1060703587-25) [   x:tweets_data_updated] o.a.s.c.S.Request [tweets_data_updated]  webapp=/solr path=/select params={q=username:bitcoin&fq=country:(Argentina+OR+Mexico+OR+India+OR+Canada+OR+United+Kingdom+OR+South+Korea+OR+Papua+New+Guinea+OR+Israel+OR+Location+unavailable+OR+Trinidad+and+Tobago)&rows=100&wt=json} hits=0 status=0 QTime=1
2022-04-04 05:41:51.656 INFO  (qtp1060703587-21) [   x:tweets_data_updated] o.a.s.c.S.Request [tweets_data_updated]  webapp=/solr path=/spell params={spellcheck.q=bitcoin&spellcheck=true} hits=0 status=0 QTime=0
2022-04-04 05:46:29.338 INFO  (qtp1060703587-18) [   x:tweets_data_updated] o.a.s.c.S.Request [tweets_data_updated]  webapp=/solr path=/select params={q=content:bitcoin&fq=country:(Argentina+OR+Mexico+OR+India+OR+Canada+OR+United+Kingdom+OR+South+Korea+OR+Papua+New+Guinea+OR+Israel+OR+Location+unavailable+OR+Trinidad+and+Tobago)&rows=100&wt=json} hits=1758 status=0 QTime=10
2022-04-04 05:46:29.361 INFO  (qtp1060703587-26) [   x:tweets_data_updated] o.a.s.c.S.Request [tweets_data_updated]  webapp=/solr path=/select params={q=username:bitcoin&fq=country:(Argentina+OR+Mexico+OR+India+OR+Canada+OR+United+Kingdom+OR+South+Korea+OR+Papua+New+Guinea+OR+Israel+OR+Location+unavailable+OR+Trinidad+and+Tobago)&rows=100&wt=json} hits=0 status=0 QTime=1
2022-04-04 05:46:29.374 INFO  (qtp1060703587-23) [   x:tweets_data_updated] o.a.s.c.S.Request [tweets_data_updated]  webapp=/solr path=/spell params={spellcheck.q=bitcoin&spellcheck=true} hits=0 status=0 QTime=0
2022-04-04 05:47:05.584 INFO  (qtp1060703587-51) [   x:tweets_data_updated] o.a.s.c.S.Request [tweets_data_updated]  webapp=/solr path=/select params={q=content:bitcoin&fq=country:(Argentina+OR+Mexico+OR+India+OR+Canada+OR+United+Kingdom+OR+South+Korea+OR+Papua+New+Guinea+OR+Israel+OR+Location+unavailable+OR+Trinidad+and+Tobago)&rows=100&wt=json} hits=1758 status=0 QTime=2
2022-04-04 05:47:05.613 INFO  (qtp1060703587-27) [   x:tweets_data_updated] o.a.s.c.S.Request [tweets_data_updated]  webapp=/solr path=/select params={q=username:bitcoin&fq=country:(Argentina+OR+Mexico+OR+India+OR+Canada+OR+United+Kingdom+OR+South+Korea+OR+Papua+New+Guinea+OR+Israel+OR+Location+unavailable+OR+Trinidad+and+Tobago)&rows=100&wt=json} hits=0 status=0 QTime=2
2022-04-04 05:47:05.623 INFO  (qtp1060703587-21) [   x:tweets_data_updated] o.a.s.c.S.Request [tweets_data_updated]  webapp=/solr path=/spell params={spellcheck.q=bitcoin&spellcheck=true} hits=0 status=0 QTime=0
2022-04-04 05:48:01.502 INFO  (qtp1060703587-26) [   x:tweets_data_updated] o.a.s.c.S.Request [tweets_data_updated]  webapp=/solr path=/select params={q=content:bitcoin&fq=country:(Argentina+OR+Mexico+OR+India+OR+Canada+OR+United+Kingdom+OR+South+Korea+OR+Papua+New+Guinea+OR+Israel+OR+Location+unavailable+OR+Trinidad+and+Tobago)&rows=100&wt=json} hits=1758 status=0 QTime=8
2022-04-04 05:48:01.528 INFO  (qtp1060703587-51) [   x:tweets_data_updated] o.a.s.c.S.Request [tweets_data_updated]  webapp=/solr path=/select params={q=username:bitcoin&fq=country:(Argentina+OR+Mexico+OR+India+OR+Canada+OR+United+Kingdom+OR+South+Korea+OR+Papua+New+Guinea+OR+Israel+OR+Location+unavailable+OR+Trinidad+and+Tobago)&rows=100&wt=json} hits=0 status=0 QTime=1
2022-04-04 05:48:01.539 INFO  (qtp1060703587-23) [   x:tweets_data_updated] o.a.s.c.S.Request [tweets_data_updated]  webapp=/solr path=/spell params={spellcheck.q=bitcoin&spellcheck=true} hits=0 status=0 QTime=0
2022-04-04 05:48:02.980 INFO  (qtp1060703587-26) [   x:tweets_data_updated] o.a.s.c.S.Request [tweets_data_updated]  webapp=/solr path=/select params={q=content:bitcoin&fq=country:(Argentina+OR+Mexico+OR+India+OR+Canada+OR+United+Kingdom+OR+South+Korea+OR+Papua+New+Guinea+OR+Israel+OR+Location+unavailable+OR+Trinidad+and+Tobago)&rows=100&wt=json} hits=1758 status=0 QTime=2
2022-04-04 05:48:03.000 INFO  (qtp1060703587-51) [   x:tweets_data_updated] o.a.s.c.S.Request [tweets_data_updated]  webapp=/solr path=/select params={q=username:bitcoin&fq=country:(Argentina+OR+Mexico+OR+India+OR+Canada+OR+United+Kingdom+OR+South+Korea+OR+Papua+New+Guinea+OR+Israel+OR+Location+unavailable+OR+Trinidad+and+Tobago)&rows=100&wt=json} hits=0 status=0 QTime=1
2022-04-04 05:48:03.008 INFO  (qtp1060703587-27) [   x:tweets_data_updated] o.a.s.c.S.Request [tweets_data_updated]  webapp=/solr path=/spell params={spellcheck.q=bitcoin&spellcheck=true} hits=0 status=0 QTime=0
2022-04-04 05:50:40.151 INFO  (qtp1060703587-21) [   x:tweets_data_updated] o.a.s.c.S.Request [tweets_data_updated]  webapp=/solr path=/select params={q=content:bitcoin&fq=country:(Argentina+OR+Mexico+OR+India+OR+Canada+OR+United+Kingdom+OR+South+Korea+OR+Papua+New+Guinea+OR+Israel+OR+Location+unavailable+OR+Trinidad+and+Tobago)&rows=100&wt=json} hits=1758 status=0 QTime=4
2022-04-04 05:50:40.166 INFO  (qtp1060703587-20) [   x:tweets_data_updated] o.a.s.c.S.Request [tweets_data_updated]  webapp=/solr path=/select params={q=username:bitcoin&fq=country:(Argentina+OR+Mexico+OR+India+OR+Canada+OR+United+Kingdom+OR+South+Korea+OR+Papua+New+Guinea+OR+Israel+OR+Location+unavailable+OR+Trinidad+and+Tobago)&rows=100&wt=json} hits=0 status=0 QTime=1
2022-04-04 05:50:40.175 INFO  (qtp1060703587-26) [   x:tweets_data_updated] o.a.s.c.S.Request [tweets_data_updated]  webapp=/solr path=/spell params={spellcheck.q=bitcoin&spellcheck=true} hits=0 status=0 QTime=1
2022-04-04 05:52:01.397 INFO  (qtp1060703587-23) [   x:tweets_data_updated] o.a.s.c.S.Request [tweets_data_updated]  webapp=/solr path=/select params={q=content:bitcoin&fq=country:(Argentina+OR+Mexico+OR+India+OR+Canada+OR+United+Kingdom+OR+South+Korea+OR+Papua+New+Guinea+OR+Israel+OR+Location+unavailable+OR+Trinidad+and+Tobago)&rows=100&wt=json} hits=1758 status=0 QTime=6
2022-04-04 05:52:01.419 INFO  (qtp1060703587-21) [   x:tweets_data_updated] o.a.s.c.S.Request [tweets_data_updated]  webapp=/solr path=/select params={q=username:bitcoin&fq=country:(Argentina+OR+Mexico+OR+India+OR+Canada+OR+United+Kingdom+OR+South+Korea+OR+Papua+New+Guinea+OR+Israel+OR+Location+unavailable+OR+Trinidad+and+Tobago)&rows=100&wt=json} hits=0 status=0 QTime=1
2022-04-04 05:52:01.427 INFO  (qtp1060703587-27) [   x:tweets_data_updated] o.a.s.c.S.Request [tweets_data_updated]  webapp=/solr path=/spell params={spellcheck.q=bitcoin&spellcheck=true} hits=0 status=0 QTime=0
2022-04-04 05:54:31.450 INFO  (qtp1060703587-20) [   x:tweets_data_updated] o.a.s.c.S.Request [tweets_data_updated]  webapp=/solr path=/select params={q=content:bitcoin&fq=country:(Argentina+OR+Mexico+OR+India+OR+Canada+OR+United+Kingdom+OR+South+Korea+OR+Papua+New+Guinea+OR+Israel+OR+Location+unavailable+OR+Trinidad+and+Tobago)&rows=100&wt=json} hits=1758 status=0 QTime=15
2022-04-04 05:54:31.464 INFO  (qtp1060703587-25) [   x:tweets_data_updated] o.a.s.c.S.Request [tweets_data_updated]  webapp=/solr path=/select params={q=username:bitcoin&fq=country:(Argentina+OR+Mexico+OR+India+OR+Canada+OR+United+Kingdom+OR+South+Korea+OR+Papua+New+Guinea+OR+Israel+OR+Location+unavailable+OR+Trinidad+and+Tobago)&rows=100&wt=json} hits=0 status=0 QTime=1
2022-04-04 05:54:31.473 INFO  (qtp1060703587-26) [   x:tweets_data_updated] o.a.s.c.S.Request [tweets_data_updated]  webapp=/solr path=/spell params={spellcheck.q=bitcoin&spellcheck=true} hits=0 status=0 QTime=0
2022-04-04 05:54:33.989 INFO  (qtp1060703587-20) [   x:tweets_data_updated] o.a.s.c.S.Request [tweets_data_updated]  webapp=/solr path=/select params={q=content:bitcoin&fq=country:(Argentina+OR+Mexico+OR+India+OR+Canada+OR+United+Kingdom+OR+South+Korea+OR+Papua+New+Guinea+OR+Israel+OR+Location+unavailable+OR+Trinidad+and+Tobago)&rows=100&wt=json} hits=1758 status=0 QTime=2
2022-04-04 05:54:34.011 INFO  (qtp1060703587-25) [   x:tweets_data_updated] o.a.s.c.S.Request [tweets_data_updated]  webapp=/solr path=/select params={q=username:bitcoin&fq=country:(Argentina+OR+Mexico+OR+India+OR+Canada+OR+United+Kingdom+OR+South+Korea+OR+Papua+New+Guinea+OR+Israel+OR+Location+unavailable+OR+Trinidad+and+Tobago)&rows=100&wt=json} hits=0 status=0 QTime=1
2022-04-04 05:54:34.020 INFO  (qtp1060703587-23) [   x:tweets_data_updated] o.a.s.c.S.Request [tweets_data_updated]  webapp=/solr path=/spell params={spellcheck.q=bitcoin&spellcheck=true} hits=0 status=0 QTime=0
2022-04-04 05:54:49.198 INFO  (qtp1060703587-27) [   x:tweets_data_updated] o.a.s.c.S.Request [tweets_data_updated]  webapp=/solr path=/select params={q=content:bitcoin&fq=country:(Argentina+OR+Mexico+OR+India+OR+Canada+OR+United+Kingdom+OR+South+Korea+OR+Papua+New+Guinea+OR+Israel+OR+Location+unavailable+OR+Trinidad+and+Tobago)&rows=100&wt=json} hits=1758 status=0 QTime=2
2022-04-04 05:54:49.216 INFO  (qtp1060703587-20) [   x:tweets_data_updated] o.a.s.c.S.Request [tweets_data_updated]  webapp=/solr path=/select params={q=username:bitcoin&fq=country:(Argentina+OR+Mexico+OR+India+OR+Canada+OR+United+Kingdom+OR+South+Korea+OR+Papua+New+Guinea+OR+Israel+OR+Location+unavailable+OR+Trinidad+and+Tobago)&rows=100&wt=json} hits=0 status=0 QTime=1
2022-04-04 05:54:49.225 INFO  (qtp1060703587-25) [   x:tweets_data_updated] o.a.s.c.S.Request [tweets_data_updated]  webapp=/solr path=/spell params={spellcheck.q=bitcoin&spellcheck=true} hits=0 status=0 QTime=0
2022-04-04 05:55:11.557 INFO  (qtp1060703587-26) [   x:tweets_data_updated] o.a.s.c.S.Request [tweets_data_updated]  webapp=/solr path=/select params={q=content:bitcoin&fq=country:(Argentina+OR+Mexico+OR+India+OR+Canada+OR+United+Kingdom+OR+South+Korea+OR+Papua+New+Guinea+OR+Israel+OR+Location+unavailable+OR+Trinidad+and+Tobago)&rows=100&wt=json} hits=1758 status=0 QTime=6
2022-04-04 05:55:11.579 INFO  (qtp1060703587-27) [   x:tweets_data_updated] o.a.s.c.S.Request [tweets_data_updated]  webapp=/solr path=/select params={q=username:bitcoin&fq=country:(Argentina+OR+Mexico+OR+India+OR+Canada+OR+United+Kingdom+OR+South+Korea+OR+Papua+New+Guinea+OR+Israel+OR+Location+unavailable+OR+Trinidad+and+Tobago)&rows=100&wt=json} hits=0 status=0 QTime=2
2022-04-04 05:55:11.591 INFO  (qtp1060703587-23) [   x:tweets_data_updated] o.a.s.c.S.Request [tweets_data_updated]  webapp=/solr path=/spell params={spellcheck.q=bitcoin&spellcheck=true} hits=0 status=0 QTime=0
2022-04-04 05:55:38.706 INFO  (qtp1060703587-20) [   x:tweets_data_updated] o.a.s.c.S.Request [tweets_data_updated]  webapp=/solr path=/select params={q=content:bitcoin&fq=country:(Argentina+OR+Mexico+OR+India+OR+Canada+OR+United+Kingdom+OR+South+Korea+OR+Papua+New+Guinea+OR+Israel+OR+Location+unavailable+OR+Trinidad+and+Tobago)&rows=100&wt=json} hits=1758 status=0 QTime=5
2022-04-04 05:55:38.739 INFO  (qtp1060703587-26) [   x:tweets_data_updated] o.a.s.c.S.Request [tweets_data_updated]  webapp=/solr path=/select params={q=username:bitcoin&fq=country:(Argentina+OR+Mexico+OR+India+OR+Canada+OR+United+Kingdom+OR+South+Korea+OR+Papua+New+Guinea+OR+Israel+OR+Location+unavailable+OR+Trinidad+and+Tobago)&rows=100&wt=json} hits=0 status=0 QTime=6
2022-04-04 05:55:38.747 INFO  (qtp1060703587-25) [   x:tweets_data_updated] o.a.s.c.S.Request [tweets_data_updated]  webapp=/solr path=/spell params={spellcheck.q=bitcoin&spellcheck=true} hits=0 status=0 QTime=0
2022-04-04 05:55:56.447 INFO  (qtp1060703587-27) [   x:tweets_data_updated] o.a.s.c.S.Request [tweets_data_updated]  webapp=/solr path=/select params={q=content:bitcoin&fq=country:(Argentina+OR+Mexico+OR+India+OR+Canada+OR+United+Kingdom+OR+South+Korea+OR+Papua+New+Guinea+OR+Israel+OR+Location+unavailable+OR+Trinidad+and+Tobago)&rows=100&wt=json} hits=1758 status=0 QTime=3
2022-04-04 05:55:56.462 INFO  (qtp1060703587-20) [   x:tweets_data_updated] o.a.s.c.S.Request [tweets_data_updated]  webapp=/solr path=/select params={q=username:bitcoin&fq=country:(Argentina+OR+Mexico+OR+India+OR+Canada+OR+United+Kingdom+OR+South+Korea+OR+Papua+New+Guinea+OR+Israel+OR+Location+unavailable+OR+Trinidad+and+Tobago)&rows=100&wt=json} hits=0 status=0 QTime=0
2022-04-04 05:55:56.471 INFO  (qtp1060703587-23) [   x:tweets_data_updated] o.a.s.c.S.Request [tweets_data_updated]  webapp=/solr path=/spell params={spellcheck.q=bitcoin&spellcheck=true} hits=0 status=0 QTime=0
2022-04-04 06:05:59.846 INFO  (qtp1060703587-55) [   x:tweets_data_updated] o.a.s.c.S.Request [tweets_data_updated]  webapp=/solr path=/select params={q=content:bitcoin&fq=country:(Argentina+OR+Mexico+OR+India+OR+Canada+OR+United+Kingdom+OR+South+Korea+OR+Papua+New+Guinea+OR+Israel+OR+Location+unavailable+OR+Trinidad+and+Tobago)&rows=100&wt=json} hits=1758 status=0 QTime=12
2022-04-04 06:05:59.867 INFO  (qtp1060703587-26) [   x:tweets_data_updated] o.a.s.c.S.Request [tweets_data_updated]  webapp=/solr path=/select params={q=username:bitcoin&fq=country:(Argentina+OR+Mexico+OR+India+OR+Canada+OR+United+Kingdom+OR+South+Korea+OR+Papua+New+Guinea+OR+Israel+OR+Location+unavailable+OR+Trinidad+and+Tobago)&rows=100&wt=json} hits=0 status=0 QTime=1
2022-04-04 06:05:59.873 INFO  (qtp1060703587-25) [   x:tweets_data_updated] o.a.s.c.S.Request [tweets_data_updated]  webapp=/solr path=/spell params={spellcheck.q=bitcoin&spellcheck=true} hits=0 status=0 QTime=0
2022-04-04 06:08:19.198 INFO  (qtp1060703587-21) [   x:tweets_data_updated] o.a.s.c.S.Request [tweets_data_updated]  webapp=/solr path=/select params={q=content:bitcoin&fq=country:(Argentina+OR+Mexico+OR+India+OR+Canada+OR+United+Kingdom+OR+South+Korea+OR+Papua+New+Guinea+OR+Israel+OR+Location+unavailable+OR+Trinidad+and+Tobago)&rows=100&wt=json} hits=1758 status=0 QTime=7
2022-04-04 06:08:19.213 INFO  (qtp1060703587-27) [   x:tweets_data_updated] o.a.s.c.S.Request [tweets_data_updated]  webapp=/solr path=/select params={q=username:bitcoin&fq=country:(Argentina+OR+Mexico+OR+India+OR+Canada+OR+United+Kingdom+OR+South+Korea+OR+Papua+New+Guinea+OR+Israel+OR+Location+unavailable+OR+Trinidad+and+Tobago)&rows=100&wt=json} hits=0 status=0 QTime=1
2022-04-04 06:08:19.221 INFO  (qtp1060703587-23) [   x:tweets_data_updated] o.a.s.c.S.Request [tweets_data_updated]  webapp=/solr path=/spell params={spellcheck.q=bitcoin&spellcheck=true} hits=0 status=0 QTime=1
2022-04-04 06:09:05.347 INFO  (qtp1060703587-26) [   x:tweets_data_updated] o.a.s.c.S.Request [tweets_data_updated]  webapp=/solr path=/select params={q=content:bandwidth&fq=country:(Argentina+OR+Mexico+OR+India+OR+Canada+OR+United+Kingdom+OR+South+Korea+OR+Papua+New+Guinea+OR+Israel+OR+Location+unavailable+OR+Trinidad+and+Tobago)&rows=100&wt=json} hits=1 status=0 QTime=15
2022-04-04 06:09:05.358 INFO  (qtp1060703587-56) [   x:tweets_data_updated] o.a.s.c.S.Request [tweets_data_updated]  webapp=/solr path=/select params={q=username:bandwidth&fq=country:(Argentina+OR+Mexico+OR+India+OR+Canada+OR+United+Kingdom+OR+South+Korea+OR+Papua+New+Guinea+OR+Israel+OR+Location+unavailable+OR+Trinidad+and+Tobago)&rows=100&wt=json} hits=0 status=0 QTime=5
2022-04-04 06:09:05.365 INFO  (qtp1060703587-25) [   x:tweets_data_updated] o.a.s.c.S.Request [tweets_data_updated]  webapp=/solr path=/spell params={spellcheck.q=bandwidth&spellcheck=true} hits=0 status=0 QTime=0
2022-04-04 06:09:39.962 INFO  (qtp1060703587-27) [   x:tweets_data_updated] o.a.s.c.S.Request [tweets_data_updated]  webapp=/solr path=/select params={q=content:btc&fq=country:(Argentina+OR+Mexico+OR+India+OR+Canada+OR+United+Kingdom+OR+South+Korea+OR+Papua+New+Guinea+OR+Israel+OR+Location+unavailable+OR+Trinidad+and+Tobago)&rows=100&wt=json} hits=1156 status=0 QTime=6
2022-04-04 06:09:39.998 INFO  (qtp1060703587-26) [   x:tweets_data_updated] o.a.s.c.S.Request [tweets_data_updated]  webapp=/solr path=/select params={q=username:btc&fq=country:(Argentina+OR+Mexico+OR+India+OR+Canada+OR+United+Kingdom+OR+South+Korea+OR+Papua+New+Guinea+OR+Israel+OR+Location+unavailable+OR+Trinidad+and+Tobago)&rows=100&wt=json} hits=0 status=0 QTime=1
2022-04-04 06:09:40.006 INFO  (qtp1060703587-23) [   x:tweets_data_updated] o.a.s.c.S.Request [tweets_data_updated]  webapp=/solr path=/spell params={spellcheck.q=btc&spellcheck=true} hits=0 status=0 QTime=0
2022-04-04 06:10:14.654 INFO  (qtp1060703587-56) [   ] o.a.s.s.HttpSolrCall [admin] webapp=null path=/admin/cores params={indexInfo=false&wt=json&_=1649050476151} status=0 QTime=3
2022-04-04 06:10:14.682 INFO  (qtp1060703587-52) [   ] o.a.s.s.HttpSolrCall [admin] webapp=null path=/admin/info/system params={wt=json&_=1649050476152} status=0 QTime=32
2022-04-04 06:10:14.683 INFO  (qtp1060703587-23) [   x:tweets_data_updated] o.a.s.c.S.Request [tweets_data_updated]  webapp=/solr path=/config params={wt=json&_=1649052614637} status=0 QTime=29
2022-04-04 06:10:14.685 INFO  (qtp1060703587-27) [   x:tweets_data_updated] o.a.s.c.S.Request [tweets_data_updated]  webapp=/solr path=/admin/luke params={show=schema&wt=json&_=1649050479200} status=0 QTime=36
2022-04-04 06:10:14.710 INFO  (qtp1060703587-26) [   x:tweets_data_updated] o.a.s.c.S.Request [tweets_data_updated]  webapp=/solr path=/admin/luke params={numTerms=0&wt=json&_=1649050479200} status=0 QTime=5
2022-04-04 06:10:21.705 INFO  (qtp1060703587-26) [   ] o.a.s.s.HttpSolrCall [admin] webapp=null path=/admin/cores params={indexInfo=false&wt=json&_=1649050476151} status=0 QTime=0
2022-04-04 06:10:21.706 INFO  (qtp1060703587-25) [   ] o.a.s.s.HttpSolrCall [admin] webapp=null path=/admin/info/properties params={wt=json&_=1649052621702} status=0 QTime=0
2022-04-04 06:10:21.709 INFO  (qtp1060703587-20) [   ] o.a.s.s.HttpSolrCall [admin] webapp=null path=/admin/info/system params={wt=json&_=1649050476152} status=0 QTime=4
2022-04-04 06:10:24.999 INFO  (qtp1060703587-23) [   ] o.a.s.s.HttpSolrCall [admin] webapp=null path=/admin/cores params={indexInfo=false&wt=json&_=1649050476151} status=0 QTime=0
2022-04-04 06:10:25.000 INFO  (qtp1060703587-27) [   x:tweets_data_updated] o.a.s.c.S.Request [tweets_data_updated]  webapp=/solr path=/admin/luke params={numTerms=0&show=index&wt=json&_=1649050479200} status=0 QTime=1
2022-04-04 06:10:25.004 INFO  (qtp1060703587-25) [   x:tweets_data_updated] o.a.s.c.S.Request [tweets_data_updated]  webapp=/solr path=/admin/ping params={action=status&wt=json&_=1649050476152&ts=1649050476152} status=503 QTime=0
2022-04-04 06:10:25.003 INFO  (qtp1060703587-56) [   ] o.a.s.s.HttpSolrCall [admin] webapp=null path=/admin/info/system params={wt=json&_=1649050476152} status=0 QTime=4
2022-04-04 06:10:25.005 INFO  (qtp1060703587-55) [   x:tweets_data_updated] o.a.s.c.S.Request [tweets_data_updated]  webapp=/solr path=/replication params={wt=json&command=details&_=1649050479201} status=0 QTime=3
2022-04-04 06:10:25.009 INFO  (qtp1060703587-21) [   x:tweets_data_updated] o.a.s.c.S.Request [tweets_data_updated]  webapp=/solr path=/admin/system params={wt=json&_=1649050479201} status=0 QTime=6
2022-04-04 06:10:26.411 INFO  (qtp1060703587-21) [   ] o.a.s.s.HttpSolrCall [admin] webapp=null path=/admin/cores params={indexInfo=false&wt=json&_=1649050476151} status=0 QTime=0
2022-04-04 06:10:26.413 INFO  (qtp1060703587-61) [   ] o.a.s.s.HttpSolrCall [admin] webapp=null path=/admin/info/system params={wt=json&_=1649050476152} status=0 QTime=3
2022-04-04 06:10:26.413 INFO  (qtp1060703587-27) [   x:tweets_data_updated] o.a.s.c.S.Request [tweets_data_updated]  webapp=/solr path=/admin/luke params={show=schema&wt=json&_=1649050479200} status=0 QTime=2
2022-04-04 06:10:29.472 INFO  (qtp1060703587-27) [   ] o.a.s.s.HttpSolrCall [admin] webapp=null path=/admin/cores params={indexInfo=false&wt=json&_=1649050476151} status=0 QTime=0
2022-04-04 06:10:29.474 INFO  (qtp1060703587-61) [   ] o.a.s.s.HttpSolrCall [admin] webapp=null path=/admin/info/system params={wt=json&_=1649050476152} status=0 QTime=2
2022-04-04 06:10:29.475 INFO  (qtp1060703587-55) [   x:tweets_data_updated] o.a.s.c.S.Request [tweets_data_updated]  webapp=/solr path=/admin/mbeans params={cat=QUERY&wt=json&_=1649052629466} status=0 QTime=3
2022-04-04 06:10:29.488 INFO  (qtp1060703587-21) [   ] o.a.s.s.HttpSolrCall [admin] webapp=null path=/admin/cores params={indexInfo=false&wt=json&_=1649050476151} status=0 QTime=0
2022-04-04 06:10:29.488 INFO  (qtp1060703587-56) [   x:tweets_data_updated] o.a.s.c.S.Request [tweets_data_updated]  webapp=/solr path=/admin/mbeans params={cat=QUERY&wt=json&_=1649052629466} status=0 QTime=0
2022-04-04 06:10:29.490 INFO  (qtp1060703587-55) [   ] o.a.s.s.HttpSolrCall [admin] webapp=null path=/admin/info/system params={wt=json&_=1649050476152} status=0 QTime=3
2022-04-04 06:10:31.217 INFO  (qtp1060703587-56) [   ] o.a.s.s.HttpSolrCall [admin] webapp=null path=/admin/cores params={indexInfo=false&wt=json&_=1649050476151} status=0 QTime=1
2022-04-04 06:10:31.219 INFO  (qtp1060703587-55) [   x:tweets_data_updated] o.a.s.c.S.Request [tweets_data_updated]  webapp=/solr path=/admin/luke params={show=schema&wt=json&_=1649050479200} status=0 QTime=2
2022-04-04 06:10:31.222 INFO  (qtp1060703587-61) [   ] o.a.s.s.HttpSolrCall [admin] webapp=null path=/admin/info/system params={wt=json&_=1649050476152} status=0 QTime=5
2022-04-04 06:10:33.565 INFO  (qtp1060703587-55) [   ] o.a.s.s.HttpSolrCall [admin] webapp=null path=/admin/cores params={indexInfo=false&wt=json&_=1649050476151} status=0 QTime=0
2022-04-04 06:10:33.567 INFO  (qtp1060703587-27) [   x:tweets_data_updated] o.a.s.c.S.Request [tweets_data_updated]  webapp=/solr path=/admin/file params={wt=json&_=1649052633561} status=0 QTime=1
2022-04-04 06:10:33.570 INFO  (qtp1060703587-25) [   ] o.a.s.s.HttpSolrCall [admin] webapp=null path=/admin/info/system params={wt=json&_=1649050476152} status=0 QTime=5
2022-04-04 06:10:33.578 INFO  (qtp1060703587-61) [   x:tweets_data_updated] o.a.s.c.S.Request [tweets_data_updated]  webapp=/solr path=/admin/file params={file=lang&wt=json&_=1649052633561} status=0 QTime=5
2022-04-04 06:10:38.911 INFO  (qtp1060703587-61) [   ] o.a.s.s.HttpSolrCall [admin] webapp=null path=/admin/cores params={indexInfo=false&wt=json&_=1649050476151} status=0 QTime=0
2022-04-04 06:10:38.912 INFO  (qtp1060703587-25) [   x:tweets_data_updated] o.a.s.c.S.Request [tweets_data_updated]  webapp=/solr path=/admin/file params={wt=json&_=1649052633561} status=0 QTime=0
2022-04-04 06:10:38.915 INFO  (qtp1060703587-56) [   ] o.a.s.s.HttpSolrCall [admin] webapp=null path=/admin/info/system params={wt=json&_=1649050476152} status=0 QTime=4
2022-04-04 06:10:38.920 INFO  (qtp1060703587-27) [   x:tweets_data_updated] o.a.s.c.S.Request [tweets_data_updated]  webapp=/solr path=/admin/file params={file=solrconfig.xml&contentType=application/xml;charset%3Dutf-8&wt=json&_=1649052633561} status=0 QTime=8
2022-04-04 06:10:38.923 INFO  (qtp1060703587-55) [   x:tweets_data_updated] o.a.s.c.S.Request [tweets_data_updated]  webapp=/solr path=/admin/file params={file=lang&wt=json&_=1649052633561} status=0 QTime=3
2022-04-04 06:16:56.582 INFO  (qtp1060703587-72) [   ] o.a.s.s.HttpSolrCall [admin] webapp=null path=/admin/cores params={indexInfo=false&wt=json&_=1649050476151} status=0 QTime=8
2022-04-04 06:16:56.584 INFO  (qtp1060703587-68) [   x:tweets_data_updated] o.a.s.c.S.Request [tweets_data_updated]  webapp=/solr path=/config params={wt=json&_=1649052614637} status=0 QTime=12
2022-04-04 06:16:56.593 INFO  (qtp1060703587-63) [   x:tweets_data_updated] o.a.s.c.S.Request [tweets_data_updated]  webapp=/solr path=/admin/luke params={show=schema&wt=json&_=1649050479200} status=0 QTime=21
2022-04-04 06:16:56.596 INFO  (qtp1060703587-67) [   ] o.a.s.s.HttpSolrCall [admin] webapp=null path=/admin/info/system params={wt=json&_=1649050476152} status=0 QTime=23
2022-04-04 06:16:56.613 INFO  (qtp1060703587-56) [   x:tweets_data_updated] o.a.s.c.S.Request [tweets_data_updated]  webapp=/solr path=/admin/luke params={numTerms=0&wt=json&_=1649050479200} status=0 QTime=7
2022-04-04 06:17:01.272 INFO  (qtp1060703587-71) [   ] o.a.s.s.HttpSolrCall [admin] webapp=null path=/admin/cores params={indexInfo=false&wt=json&_=1649050476151} status=0 QTime=0
2022-04-04 06:17:01.275 INFO  (qtp1060703587-21) [   x:tweets_data_updated] o.a.s.c.S.Request [tweets_data_updated]  webapp=/solr path=/admin/luke params={show=schema&wt=json&_=1649050479200} status=0 QTime=3
2022-04-04 06:17:01.275 INFO  (qtp1060703587-20) [   ] o.a.s.s.HttpSolrCall [admin] webapp=null path=/admin/info/system params={wt=json&_=1649050476152} status=0 QTime=3
2022-04-04 06:20:38.064 INFO  (qtp1060703587-21) [   ] o.a.s.s.HttpSolrCall [admin] webapp=null path=/admin/cores params={indexInfo=false&wt=json&_=1649050476151} status=0 QTime=5
2022-04-04 06:20:38.068 INFO  (qtp1060703587-56) [   x:tweets_data_updated] o.a.s.c.S.Request [tweets_data_updated]  webapp=/solr path=/admin/file params={wt=json&_=1649052633561} status=0 QTime=11
2022-04-04 06:20:38.080 INFO  (qtp1060703587-27) [   ] o.a.s.s.HttpSolrCall [admin] webapp=null path=/admin/info/system params={wt=json&_=1649050476152} status=0 QTime=22
2022-04-04 06:20:38.087 INFO  (qtp1060703587-64) [   x:tweets_data_updated] o.a.s.c.S.Request [tweets_data_updated]  webapp=/solr path=/admin/file params={file=lang&wt=json&_=1649052633561} status=0 QTime=1
2022-04-04 06:20:41.088 INFO  (qtp1060703587-27) [   ] o.a.s.s.HttpSolrCall [admin] webapp=null path=/admin/cores params={indexInfo=false&wt=json&_=1649050476151} status=0 QTime=0
2022-04-04 06:20:41.089 INFO  (qtp1060703587-62) [   x:tweets_data_updated] o.a.s.c.S.Request [tweets_data_updated]  webapp=/solr path=/admin/file params={wt=json&_=1649052633561} status=0 QTime=0
2022-04-04 06:20:41.093 INFO  (qtp1060703587-65) [   ] o.a.s.s.HttpSolrCall [admin] webapp=null path=/admin/info/system params={wt=json&_=1649050476152} status=0 QTime=4
2022-04-04 06:20:41.094 INFO  (qtp1060703587-70) [   x:tweets_data_updated] o.a.s.c.S.Request [tweets_data_updated]  webapp=/solr path=/admin/file params={file=solrconfig.xml&contentType=application/xml;charset%3Dutf-8&wt=json&_=1649052633561} status=0 QTime=2
2022-04-04 06:20:41.101 INFO  (qtp1060703587-56) [   x:tweets_data_updated] o.a.s.c.S.Request [tweets_data_updated]  webapp=/solr path=/admin/file params={file=lang&wt=json&_=1649052633561} status=0 QTime=2
2022-04-04 06:21:19.346 INFO  (qtp1060703587-65) [   ] o.a.s.s.HttpSolrCall [admin] webapp=null path=/admin/cores params={indexInfo=false&wt=json&_=1649050476151} status=0 QTime=0
2022-04-04 06:21:19.349 INFO  (qtp1060703587-71) [   ] o.a.s.s.HttpSolrCall [admin] webapp=null path=/admin/info/system params={wt=json&_=1649050476152} status=0 QTime=3
2022-04-04 06:21:19.351 INFO  (qtp1060703587-21) [   x:tweets_data_updated] o.a.s.c.S.Request [tweets_data_updated]  webapp=/solr path=/admin/luke params={numTerms=0&show=index&wt=json&_=1649050479200} status=0 QTime=3
2022-04-04 06:21:19.352 INFO  (qtp1060703587-64) [   x:tweets_data_updated] o.a.s.c.S.Request [tweets_data_updated]  webapp=/solr path=/replication params={wt=json&command=details&_=1649050479201} status=0 QTime=2
2022-04-04 06:21:19.354 INFO  (qtp1060703587-62) [   x:tweets_data_updated] o.a.s.c.S.Request [tweets_data_updated]  webapp=/solr path=/admin/ping params={action=status&wt=json&_=1649050476152&ts=1649050476152} status=503 QTime=0
2022-04-04 06:21:19.357 INFO  (qtp1060703587-65) [   x:tweets_data_updated] o.a.s.c.S.Request [tweets_data_updated]  webapp=/solr path=/admin/system params={wt=json&_=1649050479201} status=0 QTime=3
2022-04-04 06:21:58.281 INFO  (qtp1060703587-56) [   x:tweets_data_updated] o.a.s.c.S.Request [tweets_data_updated]  webapp=/solr path=/config params={} status=0 QTime=3
2022-04-04 06:39:54.086 INFO  (qtp1060703587-27) [   x:tweets_data_updated] o.a.s.c.S.Request [tweets_data_updated]  webapp=/solr path=/select params={q=content:bitcoin&fq=country:(Argentina+OR+Mexico+OR+India+OR+Canada+OR+United+Kingdom+OR+South+Korea+OR+Papua+New+Guinea+OR+Israel+OR+Location+unavailable+OR+Trinidad+and+Tobago)&rows=100&wt=json} hits=1758 status=0 QTime=24
2022-04-04 06:39:54.116 INFO  (qtp1060703587-70) [   x:tweets_data_updated] o.a.s.c.S.Request [tweets_data_updated]  webapp=/solr path=/select params={q=username:bitcoin&fq=country:(Argentina+OR+Mexico+OR+India+OR+Canada+OR+United+Kingdom+OR+South+Korea+OR+Papua+New+Guinea+OR+Israel+OR+Location+unavailable+OR+Trinidad+and+Tobago)&rows=100&wt=json} hits=0 status=0 QTime=2
2022-04-04 06:39:54.127 INFO  (qtp1060703587-21) [   x:tweets_data_updated] o.a.s.c.S.Request [tweets_data_updated]  webapp=/solr path=/spell params={spellcheck.q=bitcoin&spellcheck=true} hits=0 status=0 QTime=2
2022-04-04 06:41:42.339 INFO  (qtp1060703587-65) [   x:tweets_data_updated] o.a.s.c.S.Request [tweets_data_updated]  webapp=/solr path=/select params={q=content:bitcoin&fq=country:(Argentina+OR+Mexico+OR+India+OR+Canada+OR+United+Kingdom+OR+South+Korea+OR+Papua+New+Guinea+OR+Israel+OR+Location+unavailable+OR+Trinidad+and+Tobago)&rows=100&wt=json} hits=1758 status=0 QTime=5
2022-04-04 06:41:42.359 INFO  (qtp1060703587-52) [   x:tweets_data_updated] o.a.s.c.S.Request [tweets_data_updated]  webapp=/solr path=/select params={q=username:bitcoin&fq=country:(Argentina+OR+Mexico+OR+India+OR+Canada+OR+United+Kingdom+OR+South+Korea+OR+Papua+New+Guinea+OR+Israel+OR+Location+unavailable+OR+Trinidad+and+Tobago)&rows=100&wt=json} hits=0 status=0 QTime=2
2022-04-04 06:41:42.371 INFO  (qtp1060703587-56) [   x:tweets_data_updated] o.a.s.c.S.Request [tweets_data_updated]  webapp=/solr path=/spell params={spellcheck.q=bitcoin&spellcheck=true} hits=0 status=0 QTime=1
2022-04-04 06:41:47.489 INFO  (qtp1060703587-65) [   x:tweets_data_updated] o.a.s.c.S.Request [tweets_data_updated]  webapp=/solr path=/select params={q=content:bitcoin&fq=country:(Argentina+OR+Mexico+OR+India+OR+Canada+OR+United+Kingdom+OR+South+Korea+OR+Papua+New+Guinea+OR+Israel+OR+Location+unavailable+OR+Trinidad+and+Tobago)&rows=100&wt=json} hits=1758 status=0 QTime=1
2022-04-04 06:41:47.512 INFO  (qtp1060703587-52) [   x:tweets_data_updated] o.a.s.c.S.Request [tweets_data_updated]  webapp=/solr path=/select params={q=username:bitcoin&fq=country:(Argentina+OR+Mexico+OR+India+OR+Canada+OR+United+Kingdom+OR+South+Korea+OR+Papua+New+Guinea+OR+Israel+OR+Location+unavailable+OR+Trinidad+and+Tobago)&rows=100&wt=json} hits=0 status=0 QTime=0
2022-04-04 06:41:47.519 INFO  (qtp1060703587-70) [   x:tweets_data_updated] o.a.s.c.S.Request [tweets_data_updated]  webapp=/solr path=/spell params={spellcheck.q=bitcoin&spellcheck=true} hits=0 status=0 QTime=0
2022-04-04 06:43:00.984 INFO  (qtp1060703587-65) [   x:tweets_data_updated] o.a.s.c.S.Request [tweets_data_updated]  webapp=/solr path=/select params={q=content:elonmusk&fq=country:(Argentina+OR+Mexico+OR+India+OR+Canada+OR+United+Kingdom+OR+South+Korea+OR+Papua+New+Guinea+OR+Israel+OR+Location+unavailable+OR+Trinidad+and+Tobago)&rows=100&wt=json} hits=19 status=0 QTime=5
2022-04-04 06:43:00.994 INFO  (qtp1060703587-52) [   x:tweets_data_updated] o.a.s.c.S.Request [tweets_data_updated]  webapp=/solr path=/select params={q=username:elonmusk&fq=country:(Argentina+OR+Mexico+OR+India+OR+Canada+OR+United+Kingdom+OR+South+Korea+OR+Papua+New+Guinea+OR+Israel+OR+Location+unavailable+OR+Trinidad+and+Tobago)&rows=100&wt=json} hits=2 status=0 QTime=1
2022-04-04 06:43:01.000 INFO  (qtp1060703587-21) [   x:tweets_data_updated] o.a.s.c.S.Request [tweets_data_updated]  webapp=/solr path=/spell params={spellcheck.q=elonmusk&spellcheck=true} hits=0 status=0 QTime=0
2022-04-04 06:44:16.870 INFO  (qtp1060703587-52) [   x:tweets_data_updated] o.a.s.c.S.Request [tweets_data_updated]  webapp=/solr path=/select params={q=content:elonmusk&fq=country:(Argentina+OR+Mexico+OR+India+OR+Canada+OR+United+Kingdom+OR+South+Korea+OR+Papua+New+Guinea+OR+Israel+OR+Location+unavailable+OR+Trinidad+and+Tobago)&rows=100&wt=json} hits=19 status=0 QTime=3
2022-04-04 06:44:16.881 INFO  (qtp1060703587-65) [   x:tweets_data_updated] o.a.s.c.S.Request [tweets_data_updated]  webapp=/solr path=/select params={q=username:elonmusk&fq=country:(Argentina+OR+Mexico+OR+India+OR+Canada+OR+United+Kingdom+OR+South+Korea+OR+Papua+New+Guinea+OR+Israel+OR+Location+unavailable+OR+Trinidad+and+Tobago)&rows=100&wt=json} hits=2 status=0 QTime=1
2022-04-04 06:44:16.890 INFO  (qtp1060703587-56) [   x:tweets_data_updated] o.a.s.c.S.Request [tweets_data_updated]  webapp=/solr path=/spell params={spellcheck.q=elonmusk&spellcheck=true} hits=0 status=0 QTime=0
2022-04-04 06:48:04.516 INFO  (qtp1060703587-70) [   x:tweets_data_updated] o.a.s.c.S.Request [tweets_data_updated]  webapp=/solr path=/select params={q=content:btc&fq=country:(Argentina+OR+Mexico+OR+India+OR+Canada+OR+United+Kingdom+OR+South+Korea+OR+Papua+New+Guinea+OR+Israel+OR+Location+unavailable+OR+Trinidad+and+Tobago)&rows=100&wt=json} hits=1156 status=0 QTime=6
2022-04-04 06:48:04.541 INFO  (qtp1060703587-61) [   x:tweets_data_updated] o.a.s.c.S.Request [tweets_data_updated]  webapp=/solr path=/select params={q=username:btc&fq=country:(Argentina+OR+Mexico+OR+India+OR+Canada+OR+United+Kingdom+OR+South+Korea+OR+Papua+New+Guinea+OR+Israel+OR+Location+unavailable+OR+Trinidad+and+Tobago)&rows=100&wt=json} hits=0 status=0 QTime=2
2022-04-04 06:48:04.547 INFO  (qtp1060703587-21) [   x:tweets_data_updated] o.a.s.c.S.Request [tweets_data_updated]  webapp=/solr path=/spell params={spellcheck.q=btc&spellcheck=true} hits=0 status=0 QTime=0
2022-04-04 06:48:32.561 INFO  (qtp1060703587-52) [   x:tweets_data_updated] o.a.s.c.S.Request [tweets_data_updated]  webapp=/solr path=/select params={q=content:btc&fq=country:(Argentina+OR+Mexico+OR+India+OR+Canada+OR+United+Kingdom+OR+South+Korea+OR+Papua+New+Guinea+OR+Israel+OR+Location+unavailable+OR+Trinidad+and+Tobago)&rows=100&wt=json} hits=1156 status=0 QTime=5
2022-04-04 06:48:32.588 INFO  (qtp1060703587-70) [   x:tweets_data_updated] o.a.s.c.S.Request [tweets_data_updated]  webapp=/solr path=/select params={q=username:btc&fq=country:(Argentina+OR+Mexico+OR+India+OR+Canada+OR+United+Kingdom+OR+South+Korea+OR+Papua+New+Guinea+OR+Israel+OR+Location+unavailable+OR+Trinidad+and+Tobago)&rows=100&wt=json} hits=0 status=0 QTime=2
2022-04-04 06:48:32.603 INFO  (qtp1060703587-56) [   x:tweets_data_updated] o.a.s.c.S.Request [tweets_data_updated]  webapp=/solr path=/spell params={spellcheck.q=btc&spellcheck=true} hits=0 status=0 QTime=2
2022-04-04 06:48:37.152 INFO  (qtp1060703587-52) [   x:tweets_data_updated] o.a.s.c.S.Request [tweets_data_updated]  webapp=/solr path=/select params={q=content:bitboin&fq=country:(Argentina+OR+Mexico+OR+India+OR+Canada+OR+United+Kingdom+OR+South+Korea+OR+Papua+New+Guinea+OR+Israel+OR+Location+unavailable+OR+Trinidad+and+Tobago)&rows=100&wt=json} hits=0 status=0 QTime=7
2022-04-04 06:48:37.161 INFO  (qtp1060703587-70) [   x:tweets_data_updated] o.a.s.c.S.Request [tweets_data_updated]  webapp=/solr path=/select params={q=username:bitboin&fq=country:(Argentina+OR+Mexico+OR+India+OR+Canada+OR+United+Kingdom+OR+South+Korea+OR+Papua+New+Guinea+OR+Israel+OR+Location+unavailable+OR+Trinidad+and+Tobago)&rows=100&wt=json} hits=0 status=0 QTime=2
2022-04-04 06:48:37.166 INFO  (qtp1060703587-61) [   x:tweets_data_updated] o.a.s.c.S.Request [tweets_data_updated]  webapp=/solr path=/spell params={spellcheck.q=bitboin&spellcheck=true} hits=0 status=0 QTime=0
2022-04-04 06:48:44.979 INFO  (qtp1060703587-52) [   x:tweets_data_updated] o.a.s.c.S.Request [tweets_data_updated]  webapp=/solr path=/select params={q=content:bandwidth&fq=country:(Argentina+OR+Mexico+OR+India+OR+Canada+OR+United+Kingdom+OR+South+Korea+OR+Papua+New+Guinea+OR+Israel+OR+Location+unavailable+OR+Trinidad+and+Tobago)&rows=100&wt=json} hits=1 status=0 QTime=1
2022-04-04 06:48:44.987 INFO  (qtp1060703587-70) [   x:tweets_data_updated] o.a.s.c.S.Request [tweets_data_updated]  webapp=/solr path=/select params={q=username:bandwidth&fq=country:(Argentina+OR+Mexico+OR+India+OR+Canada+OR+United+Kingdom+OR+South+Korea+OR+Papua+New+Guinea+OR+Israel+OR+Location+unavailable+OR+Trinidad+and+Tobago)&rows=100&wt=json} hits=0 status=0 QTime=1
2022-04-04 06:48:44.994 INFO  (qtp1060703587-21) [   x:tweets_data_updated] o.a.s.c.S.Request [tweets_data_updated]  webapp=/solr path=/spell params={spellcheck.q=bandwidth&spellcheck=true} hits=0 status=0 QTime=0
2022-04-04 06:49:32.343 INFO  (qtp1060703587-70) [   x:tweets_data_updated] o.a.s.c.S.Request [tweets_data_updated]  webapp=/solr path=/select params={q=content:bandwidth&fq=country:(Argentina+OR+Mexico+OR+India+OR+Canada+OR+United+Kingdom+OR+South+Korea+OR+Papua+New+Guinea+OR+Israel+OR+Location+unavailable+OR+Trinidad+and+Tobago)&rows=100&wt=json} hits=1 status=0 QTime=5
2022-04-04 06:49:32.355 INFO  (qtp1060703587-52) [   x:tweets_data_updated] o.a.s.c.S.Request [tweets_data_updated]  webapp=/solr path=/select params={q=username:bandwidth&fq=country:(Argentina+OR+Mexico+OR+India+OR+Canada+OR+United+Kingdom+OR+South+Korea+OR+Papua+New+Guinea+OR+Israel+OR+Location+unavailable+OR+Trinidad+and+Tobago)&rows=100&wt=json} hits=0 status=0 QTime=0
2022-04-04 06:49:32.363 INFO  (qtp1060703587-56) [   x:tweets_data_updated] o.a.s.c.S.Request [tweets_data_updated]  webapp=/solr path=/spell params={spellcheck.q=bandwidth&spellcheck=true} hits=0 status=0 QTime=0
2022-04-04 06:50:00.624 INFO  (qtp1060703587-61) [   x:tweets_data_updated] o.a.s.c.S.Request [tweets_data_updated]  webapp=/solr path=/select params={q=content:bandwidth&fq=country:(Argentina+OR+Mexico+OR+India+OR+Canada+OR+United+Kingdom+OR+South+Korea+OR+Papua+New+Guinea+OR+Israel+OR+Location+unavailable+OR+Trinidad+and+Tobago)&rows=100&wt=json} hits=1 status=0 QTime=12
2022-04-04 06:50:00.643 INFO  (qtp1060703587-70) [   x:tweets_data_updated] o.a.s.c.S.Request [tweets_data_updated]  webapp=/solr path=/select params={q=username:bandwidth&fq=country:(Argentina+OR+Mexico+OR+India+OR+Canada+OR+United+Kingdom+OR+South+Korea+OR+Papua+New+Guinea+OR+Israel+OR+Location+unavailable+OR+Trinidad+and+Tobago)&rows=100&wt=json} hits=0 status=0 QTime=0
2022-04-04 06:50:00.650 INFO  (qtp1060703587-21) [   x:tweets_data_updated] o.a.s.c.S.Request [tweets_data_updated]  webapp=/solr path=/spell params={spellcheck.q=bandwidth&spellcheck=true} hits=0 status=0 QTime=1
2022-04-04 06:50:07.578 INFO  (qtp1060703587-61) [   x:tweets_data_updated] o.a.s.c.S.Request [tweets_data_updated]  webapp=/solr path=/select params={q=content:bitcoin&fq=country:(Argentina+OR+Mexico+OR+India+OR+Canada+OR+United+Kingdom+OR+South+Korea+OR+Papua+New+Guinea+OR+Israel+OR+Location+unavailable+OR+Trinidad+and+Tobago)&rows=100&wt=json} hits=1758 status=0 QTime=1
2022-04-04 06:50:07.593 INFO  (qtp1060703587-70) [   x:tweets_data_updated] o.a.s.c.S.Request [tweets_data_updated]  webapp=/solr path=/select params={q=username:bitcoin&fq=country:(Argentina+OR+Mexico+OR+India+OR+Canada+OR+United+Kingdom+OR+South+Korea+OR+Papua+New+Guinea+OR+Israel+OR+Location+unavailable+OR+Trinidad+and+Tobago)&rows=100&wt=json} hits=0 status=0 QTime=0
2022-04-04 06:50:07.601 INFO  (qtp1060703587-77) [   x:tweets_data_updated] o.a.s.c.S.Request [tweets_data_updated]  webapp=/solr path=/spell params={spellcheck.q=bitcoin&spellcheck=true} hits=0 status=0 QTime=1
2022-04-04 06:50:12.354 INFO  (qtp1060703587-61) [   x:tweets_data_updated] o.a.s.c.S.Request [tweets_data_updated]  webapp=/solr path=/select params={q=content:eth&fq=country:(Argentina+OR+Mexico+OR+India+OR+Canada+OR+United+Kingdom+OR+South+Korea+OR+Papua+New+Guinea+OR+Israel+OR+Location+unavailable+OR+Trinidad+and+Tobago)&rows=100&wt=json} hits=212 status=0 QTime=8
2022-04-04 06:50:12.389 INFO  (qtp1060703587-70) [   x:tweets_data_updated] o.a.s.c.S.Request [tweets_data_updated]  webapp=/solr path=/select params={q=username:eth&fq=country:(Argentina+OR+Mexico+OR+India+OR+Canada+OR+United+Kingdom+OR+South+Korea+OR+Papua+New+Guinea+OR+Israel+OR+Location+unavailable+OR+Trinidad+and+Tobago)&rows=100&wt=json} hits=0 status=0 QTime=1
2022-04-04 06:50:12.396 INFO  (qtp1060703587-52) [   x:tweets_data_updated] o.a.s.c.S.Request [tweets_data_updated]  webapp=/solr path=/spell params={spellcheck.q=eth&spellcheck=true} hits=0 status=0 QTime=0
2022-04-04 06:50:57.734 INFO  (qtp1060703587-61) [   x:tweets_data_updated] o.a.s.c.S.Request [tweets_data_updated]  webapp=/solr path=/select params={q=content:crypto&fq=country:(Argentina+OR+Mexico+OR+India+OR+Canada+OR+United+Kingdom+OR+South+Korea+OR+Papua+New+Guinea+OR+Israel+OR+Location+unavailable+OR+Trinidad+and+Tobago)&rows=100&wt=json} hits=424 status=0 QTime=9
2022-04-04 06:50:57.765 INFO  (qtp1060703587-70) [   x:tweets_data_updated] o.a.s.c.S.Request [tweets_data_updated]  webapp=/solr path=/select params={q=username:crypto&fq=country:(Argentina+OR+Mexico+OR+India+OR+Canada+OR+United+Kingdom+OR+South+Korea+OR+Papua+New+Guinea+OR+Israel+OR+Location+unavailable+OR+Trinidad+and+Tobago)&rows=100&wt=json} hits=0 status=0 QTime=0
2022-04-04 06:50:57.771 INFO  (qtp1060703587-61) [   x:tweets_data_updated] o.a.s.c.S.Request [tweets_data_updated]  webapp=/solr path=/spell params={spellcheck.q=crypto&spellcheck=true} hits=0 status=0 QTime=0
2022-04-04 06:52:09.987 INFO  (ShutdownMonitor) [   ] o.e.j.s.AbstractConnector Stopped ServerConnector@7e70bd39{HTTP/1.1, (http/1.1, h2c)}{0.0.0.0:8983}
2022-04-04 06:52:09.988 INFO  (ShutdownMonitor) [   ] o.e.j.s.session node0 Stopped scavenging
2022-04-04 06:52:09.998 INFO  (ShutdownMonitor) [   ] o.a.s.c.CoreContainer Shutting down CoreContainer instance=816302479
2022-04-04 06:52:10.020 INFO  (coreCloseExecutor-39-thread-3) [   ] o.a.s.c.SolrCore [tweets_data_updated]  CLOSING SolrCore org.apache.solr.core.SolrCore@6059fd06
2022-04-04 06:52:10.020 INFO  (coreCloseExecutor-39-thread-1) [   ] o.a.s.c.SolrCore [tweets_data_old]  CLOSING SolrCore org.apache.solr.core.SolrCore@3aaef3da
2022-04-04 06:52:10.020 INFO  (coreCloseExecutor-39-thread-2) [   ] o.a.s.c.SolrCore [tweets_data]  CLOSING SolrCore org.apache.solr.core.SolrCore@4b2d51d8
2022-04-04 06:52:10.020 INFO  (coreCloseExecutor-39-thread-2) [   ] o.a.s.m.SolrMetricManager Closing metric reporters for registry=solr.core.tweets_data tag=SolrCore@4b2d51d8
2022-04-04 06:52:10.020 INFO  (coreCloseExecutor-39-thread-4) [   ] o.a.s.c.SolrCore [tweets_data_new]  CLOSING SolrCore org.apache.solr.core.SolrCore@3e8c05a
2022-04-04 06:52:10.021 INFO  (coreCloseExecutor-39-thread-2) [   ] o.a.s.m.r.SolrJmxReporter Closing reporter [org.apache.solr.metrics.reporters.SolrJmxReporter@5b27edd9: rootName = null, domain = solr.core.tweets_data, service url = null, agent id = null] for registry solr.core.tweets_data/com.codahale.metrics.MetricRegistry@2ed0507f
2022-04-04 06:52:10.042 INFO  (coreCloseExecutor-39-thread-1) [   ] o.a.s.m.SolrMetricManager Closing metric reporters for registry=solr.core.tweets_data_old tag=SolrCore@3aaef3da
2022-04-04 06:52:10.042 INFO  (coreCloseExecutor-39-thread-1) [   ] o.a.s.m.r.SolrJmxReporter Closing reporter [org.apache.solr.metrics.reporters.SolrJmxReporter@50f4beeb: rootName = null, domain = solr.core.tweets_data_old, service url = null, agent id = null] for registry solr.core.tweets_data_old/com.codahale.metrics.MetricRegistry@f5e5610
2022-04-04 06:52:10.052 INFO  (coreCloseExecutor-39-thread-3) [   ] o.a.s.m.SolrMetricManager Closing metric reporters for registry=solr.core.tweets_data_updated tag=SolrCore@6059fd06
2022-04-04 06:52:10.052 INFO  (coreCloseExecutor-39-thread-3) [   ] o.a.s.m.r.SolrJmxReporter Closing reporter [org.apache.solr.metrics.reporters.SolrJmxReporter@c6c7f24: rootName = null, domain = solr.core.tweets_data_updated, service url = null, agent id = null] for registry solr.core.tweets_data_updated/com.codahale.metrics.MetricRegistry@115e6ae0
2022-04-04 06:52:10.054 INFO  (coreCloseExecutor-39-thread-2) [   ] o.a.s.u.DirectUpdateHandler2 Committing on IndexWriter.close()  ... SKIPPED (unnecessary).
2022-04-04 06:52:10.055 INFO  (coreCloseExecutor-39-thread-1) [   ] o.a.s.u.DirectUpdateHandler2 Committing on IndexWriter.close()  ... SKIPPED (unnecessary).
2022-04-04 06:52:10.060 INFO  (coreCloseExecutor-39-thread-4) [   ] o.a.s.m.SolrMetricManager Closing metric reporters for registry=solr.core.tweets_data_new tag=SolrCore@3e8c05a
2022-04-04 06:52:10.061 INFO  (coreCloseExecutor-39-thread-4) [   ] o.a.s.m.r.SolrJmxReporter Closing reporter [org.apache.solr.metrics.reporters.SolrJmxReporter@388af596: rootName = null, domain = solr.core.tweets_data_new, service url = null, agent id = null] for registry solr.core.tweets_data_new/com.codahale.metrics.MetricRegistry@4cda2597
2022-04-04 06:52:10.065 INFO  (coreCloseExecutor-39-thread-3) [   ] o.a.s.u.DirectUpdateHandler2 Committing on IndexWriter.close()  ... SKIPPED (unnecessary).
2022-04-04 06:52:10.074 INFO  (coreCloseExecutor-39-thread-4) [   ] o.a.s.u.DirectUpdateHandler2 Committing on IndexWriter.close()  ... SKIPPED (unnecessary).
2022-04-04 06:52:10.090 INFO  (ShutdownMonitor) [   ] o.a.s.m.SolrMetricManager Closing metric reporters for registry=solr.node tag=null
2022-04-04 06:52:10.090 INFO  (ShutdownMonitor) [   ] o.a.s.m.r.SolrJmxReporter Closing reporter [org.apache.solr.metrics.reporters.SolrJmxReporter@2ee48610: rootName = null, domain = solr.node, service url = null, agent id = null] for registry solr.node/com.codahale.metrics.MetricRegistry@44dbb170
2022-04-04 06:52:10.093 INFO  (ShutdownMonitor) [   ] o.a.s.m.SolrMetricManager Closing metric reporters for registry=solr.jvm tag=null
2022-04-04 06:52:10.093 INFO  (ShutdownMonitor) [   ] o.a.s.m.r.SolrJmxReporter Closing reporter [org.apache.solr.metrics.reporters.SolrJmxReporter@55fee662: rootName = null, domain = solr.jvm, service url = null, agent id = null] for registry solr.jvm/com.codahale.metrics.MetricRegistry@40a02a07
2022-04-04 06:52:10.093 INFO  (ShutdownMonitor) [   ] o.a.s.m.SolrMetricManager Closing metric reporters for registry=solr.jetty tag=null
2022-04-04 06:52:10.094 INFO  (ShutdownMonitor) [   ] o.a.s.m.r.SolrJmxReporter Closing reporter [org.apache.solr.metrics.reporters.SolrJmxReporter@54089484: rootName = null, domain = solr.jetty, service url = null, agent id = null] for registry solr.jetty/com.codahale.metrics.MetricRegistry@6e628419
2022-04-04 06:52:10.112 INFO  (ShutdownMonitor) [   ] o.e.j.s.h.ContextHandler Stopped o.e.j.w.WebAppContext@5c371e13{/solr,null,STOPPED}{/Users/akshat/Downloads/Info-Retrieval/solr/server/solr-webapp/webapp}
