[2022-04-10T13:52:31.923-0800][0.005s] Using G1
[2022-04-10T13:52:31.984-0800][0.066s] Version: 15.0.6+5-MTS (release)
[2022-04-10T13:52:31.984-0800][0.066s] CPUs: 8 total, 8 available
[2022-04-10T13:52:31.984-0800][0.066s] Memory: 8192M
[2022-04-10T13:52:31.984-0800][0.066s] Large Page Support: Disabled
[2022-04-10T13:52:31.984-0800][0.066s] NUMA Support: Disabled
[2022-04-10T13:52:31.984-0800][0.066s] Compressed Oops: Enabled (Zero based)
[2022-04-10T13:52:31.984-0800][0.066s] Heap Region Size: 1M
[2022-04-10T13:52:31.984-0800][0.066s] Heap Min Capacity: 512M
[2022-04-10T13:52:31.984-0800][0.066s] Heap Initial Capacity: 512M
[2022-04-10T13:52:31.984-0800][0.066s] Heap Max Capacity: 512M
[2022-04-10T13:52:31.984-0800][0.066s] Pre-touch: Enabled
[2022-04-10T13:52:31.984-0800][0.066s] Parallel Workers: 8
[2022-04-10T13:52:31.984-0800][0.066s] Concurrent Workers: 2
[2022-04-10T13:52:31.984-0800][0.066s] Concurrent Refinement Workers: 8
[2022-04-10T13:52:31.984-0800][0.066s] Periodic GC: Disabled
[2022-04-10T13:52:31.984-0800][0.066s] Compressed class space mapped at: 0x0000000300000000-0x0000000340000000, size: 1073741824
[2022-04-10T13:52:31.984-0800][0.066s] Narrow klass base: 0x0000000000000000, Narrow klass shift: 3, Narrow klass range: 0x340000000
[2022-04-10T13:52:32.693-0800][0.775s] GC(0) Pause Young (Normal) (G1 Evacuation Pause)
[2022-04-10T13:52:32.693-0800][0.775s] GC(0) Using 8 workers of 8 for evacuation
[2022-04-10T13:52:32.695-0800][0.778s] GC(0)   Pre Evacuate Collection Set: 0.1ms
[2022-04-10T13:52:32.695-0800][0.778s] GC(0)   Merge Heap Roots: 0.0ms
[2022-04-10T13:52:32.695-0800][0.778s] GC(0)   Evacuate Collection Set: 2.0ms
[2022-04-10T13:52:32.695-0800][0.778s] GC(0)   Post Evacuate Collection Set: 0.2ms
[2022-04-10T13:52:32.696-0800][0.778s] GC(0)   Other: 0.2ms
[2022-04-10T13:52:32.696-0800][0.778s] GC(0) Eden regions: 29->0(40)
[2022-04-10T13:52:32.696-0800][0.778s] GC(0) Survivor regions: 0->4(4)
[2022-04-10T13:52:32.696-0800][0.778s] GC(0) Old regions: 0->2
[2022-04-10T13:52:32.696-0800][0.778s] GC(0) Archive regions: 0->0
[2022-04-10T13:52:32.696-0800][0.778s] GC(0) Humongous regions: 0->0
[2022-04-10T13:52:32.696-0800][0.778s] GC(0) Metaspace: 17679K(18176K)->17679K(18176K) NonClass: 15823K(16128K)->15823K(16128K) Class: 1856K(2048K)->1856K(2048K)
[2022-04-10T13:52:32.696-0800][0.778s] GC(0) Pause Young (Normal) (G1 Evacuation Pause) 29M->5M(512M) 2.566ms
[2022-04-10T13:52:32.696-0800][0.778s] GC(0) User=0.01s Sys=0.00s Real=0.00s
[2022-04-10T13:52:32.786-0800][0.868s] GC(1) Pause Young (Concurrent Start) (Metadata GC Threshold)
[2022-04-10T13:52:32.786-0800][0.868s] GC(1) Using 8 workers of 8 for evacuation
[2022-04-10T13:52:32.791-0800][0.873s] GC(1)   Pre Evacuate Collection Set: 0.1ms
[2022-04-10T13:52:32.791-0800][0.873s] GC(1)   Merge Heap Roots: 0.0ms
[2022-04-10T13:52:32.791-0800][0.873s] GC(1)   Evacuate Collection Set: 4.4ms
[2022-04-10T13:52:32.791-0800][0.873s] GC(1)   Post Evacuate Collection Set: 0.2ms
[2022-04-10T13:52:32.791-0800][0.873s] GC(1)   Other: 0.1ms
[2022-04-10T13:52:32.791-0800][0.873s] GC(1) Eden regions: 13->0(57)
[2022-04-10T13:52:32.791-0800][0.873s] GC(1) Survivor regions: 4->6(6)
[2022-04-10T13:52:32.791-0800][0.873s] GC(1) Old regions: 2->6
[2022-04-10T13:52:32.791-0800][0.873s] GC(1) Archive regions: 0->0
[2022-04-10T13:52:32.791-0800][0.873s] GC(1) Humongous regions: 4->4
[2022-04-10T13:52:32.791-0800][0.873s] GC(1) Metaspace: 20824K(21296K)->20824K(21296K) NonClass: 18588K(18864K)->18588K(18864K) Class: 2236K(2432K)->2236K(2432K)
[2022-04-10T13:52:32.791-0800][0.873s] GC(1) Pause Young (Concurrent Start) (Metadata GC Threshold) 22M->15M(512M) 4.931ms
[2022-04-10T13:52:32.791-0800][0.873s] GC(1) User=0.03s Sys=0.00s Real=0.01s
[2022-04-10T13:52:32.791-0800][0.873s] GC(2) Concurrent Cycle
[2022-04-10T13:52:32.791-0800][0.873s] GC(2) Concurrent Clear Claimed Marks
[2022-04-10T13:52:32.791-0800][0.873s] GC(2) Concurrent Clear Claimed Marks 0.017ms
[2022-04-10T13:52:32.791-0800][0.873s] GC(2) Concurrent Scan Root Regions
[2022-04-10T13:52:32.793-0800][0.875s] GC(2) Concurrent Scan Root Regions 2.044ms
[2022-04-10T13:52:32.793-0800][0.875s] GC(2) Concurrent Mark (0.875s)
[2022-04-10T13:52:32.793-0800][0.875s] GC(2) Concurrent Mark From Roots
[2022-04-10T13:52:32.793-0800][0.875s] GC(2) Using 2 workers of 2 for marking
[2022-04-10T13:52:32.794-0800][0.876s] GC(2) Concurrent Mark From Roots 0.852ms
[2022-04-10T13:52:32.794-0800][0.876s] GC(2) Concurrent Preclean
[2022-04-10T13:52:32.794-0800][0.876s] GC(2) Concurrent Preclean 0.013ms
[2022-04-10T13:52:32.794-0800][0.876s] GC(2) Concurrent Mark (0.875s, 0.876s) 0.886ms
[2022-04-10T13:52:32.794-0800][0.876s] GC(2) Pause Remark
[2022-04-10T13:52:32.795-0800][0.877s] GC(2) Pause Remark 16M->16M(512M) 0.467ms
[2022-04-10T13:52:32.795-0800][0.877s] GC(2) User=0.00s Sys=0.00s Real=0.00s
[2022-04-10T13:52:32.795-0800][0.877s] GC(2) Concurrent Rebuild Remembered Sets
[2022-04-10T13:52:32.796-0800][0.878s] GC(2) Concurrent Rebuild Remembered Sets 1.629ms
[2022-04-10T13:52:32.796-0800][0.879s] GC(2) Pause Cleanup
[2022-04-10T13:52:32.796-0800][0.879s] GC(2) Pause Cleanup 16M->16M(512M) 0.057ms
[2022-04-10T13:52:32.796-0800][0.879s] GC(2) User=0.00s Sys=0.00s Real=0.00s
[2022-04-10T13:52:32.796-0800][0.879s] GC(2) Concurrent Cleanup for Next Mark
[2022-04-10T13:52:32.797-0800][0.879s] GC(2) Concurrent Cleanup for Next Mark 0.429ms
[2022-04-10T13:52:32.797-0800][0.879s] GC(2) Concurrent Cycle 5.893ms
[2022-04-10T13:52:33.140-0800][1.222s] GC(3) Pause Young (Normal) (G1 Evacuation Pause)
[2022-04-10T13:52:33.140-0800][1.222s] GC(3) Using 8 workers of 8 for evacuation
[2022-04-10T13:52:33.144-0800][1.226s] GC(3)   Pre Evacuate Collection Set: 0.1ms
[2022-04-10T13:52:33.144-0800][1.227s] GC(3)   Merge Heap Roots: 0.0ms
[2022-04-10T13:52:33.144-0800][1.227s] GC(3)   Evacuate Collection Set: 4.1ms
[2022-04-10T13:52:33.144-0800][1.227s] GC(3)   Post Evacuate Collection Set: 0.4ms
[2022-04-10T13:52:33.144-0800][1.227s] GC(3)   Other: 0.1ms
[2022-04-10T13:52:33.144-0800][1.227s] GC(3) Eden regions: 58->0(173)
[2022-04-10T13:52:33.144-0800][1.227s] GC(3) Survivor regions: 6->8(8)
[2022-04-10T13:52:33.144-0800][1.227s] GC(3) Old regions: 6->13
[2022-04-10T13:52:33.144-0800][1.227s] GC(3) Archive regions: 0->0
[2022-04-10T13:52:33.144-0800][1.227s] GC(3) Humongous regions: 4->4
[2022-04-10T13:52:33.144-0800][1.227s] GC(3) Metaspace: 28915K(29616K)->28915K(29616K) NonClass: 25831K(26288K)->25831K(26288K) Class: 3084K(3328K)->3084K(3328K)
[2022-04-10T13:52:33.144-0800][1.227s] GC(3) Pause Young (Normal) (G1 Evacuation Pause) 73M->24M(512M) 4.739ms
[2022-04-10T13:52:33.144-0800][1.227s] GC(3) User=0.03s Sys=0.00s Real=0.00s
[2022-04-10T13:52:33.433-0800][1.515s] GC(4) Pause Young (Concurrent Start) (Metadata GC Threshold)
[2022-04-10T13:52:33.433-0800][1.515s] GC(4) Using 8 workers of 8 for evacuation
[2022-04-10T13:52:33.435-0800][1.517s] GC(4)   Pre Evacuate Collection Set: 0.1ms
[2022-04-10T13:52:33.435-0800][1.517s] GC(4)   Merge Heap Roots: 0.0ms
[2022-04-10T13:52:33.435-0800][1.517s] GC(4)   Evacuate Collection Set: 1.7ms
[2022-04-10T13:52:33.435-0800][1.517s] GC(4)   Post Evacuate Collection Set: 0.2ms
[2022-04-10T13:52:33.435-0800][1.517s] GC(4)   Other: 0.1ms
[2022-04-10T13:52:33.435-0800][1.517s] GC(4) Eden regions: 31->0(297)
[2022-04-10T13:52:33.435-0800][1.517s] GC(4) Survivor regions: 8->10(23)
[2022-04-10T13:52:33.435-0800][1.517s] GC(4) Old regions: 13->13
[2022-04-10T13:52:33.435-0800][1.517s] GC(4) Archive regions: 0->0
[2022-04-10T13:52:33.435-0800][1.517s] GC(4) Humongous regions: 4->4
[2022-04-10T13:52:33.435-0800][1.517s] GC(4) Metaspace: 35305K(35920K)->35305K(35920K) NonClass: 31485K(31824K)->31485K(31824K) Class: 3819K(4096K)->3819K(4096K)
[2022-04-10T13:52:33.435-0800][1.517s] GC(4) Pause Young (Concurrent Start) (Metadata GC Threshold) 55M->25M(512M) 2.226ms
[2022-04-10T13:52:33.435-0800][1.517s] GC(4) User=0.01s Sys=0.00s Real=0.00s
[2022-04-10T13:52:33.435-0800][1.517s] GC(5) Concurrent Cycle
[2022-04-10T13:52:33.435-0800][1.517s] GC(5) Concurrent Clear Claimed Marks
[2022-04-10T13:52:33.435-0800][1.517s] GC(5) Concurrent Clear Claimed Marks 0.008ms
[2022-04-10T13:52:33.435-0800][1.517s] GC(5) Concurrent Scan Root Regions
[2022-04-10T13:52:33.436-0800][1.518s] GC(5) Concurrent Scan Root Regions 0.819ms
[2022-04-10T13:52:33.436-0800][1.518s] GC(5) Concurrent Mark (1.518s)
[2022-04-10T13:52:33.436-0800][1.518s] GC(5) Concurrent Mark From Roots
[2022-04-10T13:52:33.436-0800][1.518s] GC(5) Using 2 workers of 2 for marking
[2022-04-10T13:52:33.441-0800][1.523s] GC(5) Concurrent Mark From Roots 4.723ms
[2022-04-10T13:52:33.441-0800][1.523s] GC(5) Concurrent Preclean
[2022-04-10T13:52:33.441-0800][1.523s] GC(5) Concurrent Preclean 0.036ms
[2022-04-10T13:52:33.441-0800][1.523s] GC(5) Concurrent Mark (1.518s, 1.523s) 4.791ms
[2022-04-10T13:52:33.441-0800][1.523s] GC(5) Pause Remark
[2022-04-10T13:52:33.441-0800][1.524s] GC(5) Pause Remark 26M->26M(512M) 0.775ms
[2022-04-10T13:52:33.442-0800][1.524s] GC(5) User=0.00s Sys=0.00s Real=0.00s
[2022-04-10T13:52:33.442-0800][1.524s] GC(5) Concurrent Rebuild Remembered Sets
[2022-04-10T13:52:33.445-0800][1.527s] GC(5) Concurrent Rebuild Remembered Sets 3.508ms
[2022-04-10T13:52:33.445-0800][1.527s] GC(5) Pause Cleanup
[2022-04-10T13:52:33.445-0800][1.528s] GC(5) Pause Cleanup 27M->27M(512M) 0.061ms
[2022-04-10T13:52:33.445-0800][1.528s] GC(5) User=0.00s Sys=0.00s Real=0.00s
[2022-04-10T13:52:33.445-0800][1.528s] GC(5) Concurrent Cleanup for Next Mark
[2022-04-10T13:52:33.446-0800][1.528s] GC(5) Concurrent Cleanup for Next Mark 0.456ms
[2022-04-10T13:52:33.446-0800][1.528s] GC(5) Concurrent Cycle 10.829ms
[2022-04-10T13:55:42.399-0800][190.485s] GC(6) Pause Young (Concurrent Start) (Metadata GC Threshold)
[2022-04-10T13:55:42.399-0800][190.485s] GC(6) Using 8 workers of 8 for evacuation
[2022-04-10T13:55:42.449-0800][190.535s] GC(6)   Pre Evacuate Collection Set: 0.1ms
[2022-04-10T13:55:42.449-0800][190.535s] GC(6)   Merge Heap Roots: 0.1ms
[2022-04-10T13:55:42.449-0800][190.535s] GC(6)   Evacuate Collection Set: 48.3ms
[2022-04-10T13:55:42.449-0800][190.535s] GC(6)   Post Evacuate Collection Set: 1.0ms
[2022-04-10T13:55:42.449-0800][190.535s] GC(6)   Other: 0.4ms
[2022-04-10T13:55:42.449-0800][190.535s] GC(6) Eden regions: 203->0(279)
[2022-04-10T13:55:42.449-0800][190.535s] GC(6) Survivor regions: 10->28(39)
[2022-04-10T13:55:42.449-0800][190.535s] GC(6) Old regions: 12->12
[2022-04-10T13:55:42.449-0800][190.535s] GC(6) Archive regions: 0->0
[2022-04-10T13:55:42.449-0800][190.535s] GC(6) Humongous regions: 8->7
[2022-04-10T13:55:42.449-0800][190.535s] GC(6) Metaspace: 59457K(60240K)->59457K(60240K) NonClass: 52637K(53072K)->52637K(53072K) Class: 6820K(7168K)->6820K(7168K)
[2022-04-10T13:55:42.449-0800][190.535s] GC(6) Pause Young (Concurrent Start) (Metadata GC Threshold) 231M->46M(512M) 50.089ms
[2022-04-10T13:55:42.449-0800][190.535s] GC(6) User=0.06s Sys=0.14s Real=0.05s
[2022-04-10T13:55:42.449-0800][190.535s] GC(7) Concurrent Cycle
[2022-04-10T13:55:42.449-0800][190.535s] GC(7) Concurrent Clear Claimed Marks
[2022-04-10T13:55:42.449-0800][190.535s] GC(7) Concurrent Clear Claimed Marks 0.039ms
[2022-04-10T13:55:42.449-0800][190.535s] GC(7) Concurrent Scan Root Regions
[2022-04-10T13:55:42.454-0800][190.540s] GC(7) Concurrent Scan Root Regions 5.138ms
[2022-04-10T13:55:42.454-0800][190.540s] GC(7) Concurrent Mark (190.540s)
[2022-04-10T13:55:42.454-0800][190.540s] GC(7) Concurrent Mark From Roots
[2022-04-10T13:55:42.454-0800][190.540s] GC(7) Using 2 workers of 2 for marking
[2022-04-10T13:55:42.460-0800][190.547s] GC(7) Concurrent Mark From Roots 6.079ms
[2022-04-10T13:55:42.460-0800][190.547s] GC(7) Concurrent Preclean
[2022-04-10T13:55:42.460-0800][190.547s] GC(7) Concurrent Preclean 0.047ms
[2022-04-10T13:55:42.460-0800][190.547s] GC(7) Concurrent Mark (190.540s, 190.547s) 6.171ms
[2022-04-10T13:55:42.460-0800][190.547s] GC(7) Pause Remark
[2022-04-10T13:55:42.462-0800][190.548s] GC(7) Pause Remark 48M->48M(512M) 1.502ms
[2022-04-10T13:55:42.462-0800][190.548s] GC(7) User=0.01s Sys=0.00s Real=0.00s
[2022-04-10T13:55:42.462-0800][190.548s] GC(7) Concurrent Rebuild Remembered Sets
[2022-04-10T13:55:42.465-0800][190.552s] GC(7) Concurrent Rebuild Remembered Sets 3.445ms
[2022-04-10T13:55:42.466-0800][190.552s] GC(7) Pause Cleanup
[2022-04-10T13:55:42.466-0800][190.552s] GC(7) Pause Cleanup 48M->48M(512M) 0.082ms
[2022-04-10T13:55:42.466-0800][190.552s] GC(7) User=0.00s Sys=0.00s Real=0.00s
[2022-04-10T13:55:42.466-0800][190.552s] GC(7) Concurrent Cleanup for Next Mark
[2022-04-10T13:55:42.467-0800][190.553s] GC(7) Concurrent Cleanup for Next Mark 0.808ms
[2022-04-10T13:55:42.467-0800][190.553s] GC(7) Concurrent Cycle 18.123ms
[2022-04-10T15:29:56.229-0800][5312.398s] Heap
[2022-04-10T15:29:56.229-0800][5312.398s]  garbage-first heap   total 524288K, used 133962K [0x00000007a0000000, 0x00000007c0000000)
[2022-04-10T15:29:56.229-0800][5312.398s]   region size 1024K, 113 young (115712K), 28 survivors (28672K)
[2022-04-10T15:29:56.229-0800][5312.398s]  Metaspace       used 61161K, capacity 61844K, committed 62032K, reserved 1103872K
[2022-04-10T15:29:56.229-0800][5312.398s]   class space    used 6923K, capacity 7153K, committed 7168K, reserved 1048576K
